{"C:\\Users\\Gamer\\Desktop\\Repositories\\IT-project-1\\src\\server\\services\\auth\\authActions.ts": {"path":"C:\\Users\\Gamer\\Desktop\\Repositories\\IT-project-1\\src\\server\\services\\auth\\authActions.ts","statementMap":{"0":{"start":{"line":1,"column":0},"end":{"line":1,"column":52}},"1":{"start":{"line":4,"column":0},"end":{"line":4,"column":77}},"2":{"start":{"line":5,"column":0},"end":{"line":5,"column":55}},"3":{"start":{"line":7,"column":13},"end":{"line":19,"column":3}},"4":{"start":{"line":11,"column":16},"end":{"line":19,"column":2}},"5":{"start":{"line":11,"column":49},"end":{"line":11,"column":51}},"6":{"start":{"line":13,"column":21},"end":{"line":13,"column":null}},"7":{"start":{"line":13,"column":10},"end":{"line":13,"column":null}},"8":{"start":{"line":15,"column":4},"end":{"line":15,"column":20}},"9":{"start":{"line":17,"column":4},"end":{"line":17,"column":53}},"10":{"start":{"line":21,"column":13},"end":{"line":44,"column":3}},"11":{"start":{"line":25,"column":19},"end":{"line":44,"column":2}},"12":{"start":{"line":25,"column":52},"end":{"line":25,"column":54}},"13":{"start":{"line":25,"column":62},"end":{"line":25,"column":64}},"14":{"start":{"line":27,"column":21},"end":{"line":27,"column":null}},"15":{"start":{"line":27,"column":10},"end":{"line":27,"column":null}},"16":{"start":{"line":29,"column":10},"end":{"line":37,"column":6}},"17":{"start":{"line":38,"column":4},"end":{"line":38,"column":47}},"18":{"start":{"line":40,"column":4},"end":{"line":40,"column":20}},"19":{"start":{"line":42,"column":4},"end":{"line":42,"column":53}},"20":{"start":{"line":46,"column":13},"end":{"line":56,"column":3}},"21":{"start":{"line":50,"column":17},"end":{"line":56,"column":2}},"22":{"start":{"line":50,"column":44},"end":{"line":50,"column":46}},"23":{"start":{"line":52,"column":4},"end":{"line":52,"column":26}},"24":{"start":{"line":54,"column":4},"end":{"line":54,"column":53}}},"fnMap":{"0":{"name":"(anonymous_13)","decl":{"start":{"line":11,"column":16},"end":{"line":11,"column":23}},"loc":{"start":{"line":11,"column":16},"end":{"line":19,"column":2}}},"1":{"name":"(anonymous_16)","decl":{"start":{"line":25,"column":19},"end":{"line":25,"column":26}},"loc":{"start":{"line":25,"column":19},"end":{"line":44,"column":2}}},"2":{"name":"(anonymous_19)","decl":{"start":{"line":50,"column":17},"end":{"line":50,"column":24}},"loc":{"start":{"line":50,"column":17},"end":{"line":56,"column":2}}}},"branchMap":{"0":{"loc":{"start":{"line":31,"column":12},"end":{"line":31,"column":33}},"type":"binary-expr","locations":[{"start":{"line":31,"column":12},"end":{"line":31,"column":25}},{"start":{"line":31,"column":29},"end":{"line":31,"column":33}}]},"1":{"loc":{"start":{"line":32,"column":13},"end":{"line":32,"column":35}},"type":"binary-expr","locations":[{"start":{"line":32,"column":13},"end":{"line":32,"column":27}},{"start":{"line":32,"column":31},"end":{"line":32,"column":35}}]}},"s":{"0":1,"1":1,"2":1,"3":1,"4":2,"5":2,"6":2,"7":2,"8":1,"9":1,"10":1,"11":2,"12":2,"13":2,"14":2,"15":2,"16":1,"17":2,"18":1,"19":1,"20":1,"21":2,"22":2,"23":4,"24":1},"f":{"0":4,"1":4,"2":4},"b":{"0":[1,0],"1":[1,0]}}
,"C:\\Users\\Gamer\\Desktop\\Repositories\\IT-project-1\\src\\server\\services\\auth\\authService.ts": {"path":"C:\\Users\\Gamer\\Desktop\\Repositories\\IT-project-1\\src\\server\\services\\auth\\authService.ts","statementMap":{"0":{"start":{"line":1,"column":0},"end":{"line":1,"column":null}},"1":{"start":{"line":8,"column":0},"end":{"line":8,"column":51}},"2":{"start":{"line":11,"column":0},"end":{"line":11,"column":59}},"3":{"start":{"line":13,"column":28},"end":{"line":48,"column":2}},"4":{"start":{"line":14,"column":7},"end":{"line":14,"column":null}},"5":{"start":{"line":15,"column":10},"end":{"line":15,"column":null}},"6":{"start":{"line":18,"column":27},"end":{"line":22,"column":null}},"7":{"start":{"line":18,"column":10},"end":{"line":22,"column":null}},"8":{"start":{"line":23,"column":10},"end":{"line":23,"column":37}},"9":{"start":{"line":25,"column":4},"end":{"line":27,"column":5}},"10":{"start":{"line":26,"column":6},"end":{"line":26,"column":64}},"11":{"start":{"line":29,"column":21},"end":{"line":29,"column":null}},"12":{"start":{"line":29,"column":10},"end":{"line":29,"column":null}},"13":{"start":{"line":31,"column":4},"end":{"line":33,"column":5}},"14":{"start":{"line":32,"column":6},"end":{"line":32,"column":75}},"15":{"start":{"line":35,"column":4},"end":{"line":43,"column":6}},"16":{"start":{"line":45,"column":10},"end":{"line":45,"column":69}},"17":{"start":{"line":46,"column":4},"end":{"line":46,"column":43}},"18":{"start":{"line":13,"column":13},"end":{"line":13,"column":28}},"19":{"start":{"line":50,"column":31},"end":{"line":76,"column":2}},"20":{"start":{"line":51,"column":7},"end":{"line":51,"column":null}},"21":{"start":{"line":52,"column":10},"end":{"line":52,"column":null}},"22":{"start":{"line":53,"column":10},"end":{"line":53,"column":null}},"23":{"start":{"line":56,"column":27},"end":{"line":60,"column":null}},"24":{"start":{"line":56,"column":10},"end":{"line":60,"column":null}},"25":{"start":{"line":61,"column":10},"end":{"line":61,"column":37}},"26":{"start":{"line":63,"column":4},"end":{"line":63,"column":57}},"27":{"start":{"line":64,"column":4},"end":{"line":64,"column":38}},"28":{"start":{"line":66,"column":4},"end":{"line":71,"column":6}},"29":{"start":{"line":73,"column":10},"end":{"line":73,"column":69}},"30":{"start":{"line":74,"column":4},"end":{"line":74,"column":40}},"31":{"start":{"line":50,"column":13},"end":{"line":50,"column":31}},"32":{"start":{"line":78,"column":29},"end":{"line":85,"column":2}},"33":{"start":{"line":80,"column":4},"end":{"line":80,"column":24}},"34":{"start":{"line":82,"column":10},"end":{"line":82,"column":69}},"35":{"start":{"line":83,"column":4},"end":{"line":83,"column":40}},"36":{"start":{"line":78,"column":13},"end":{"line":78,"column":29}}},"fnMap":{"0":{"name":"(anonymous_13)","decl":{"start":{"line":13,"column":28},"end":{"line":13,"column":35}},"loc":{"start":{"line":13,"column":28},"end":{"line":48,"column":2}}},"1":{"name":"(anonymous_16)","decl":{"start":{"line":50,"column":31},"end":{"line":50,"column":38}},"loc":{"start":{"line":50,"column":31},"end":{"line":76,"column":2}}},"2":{"name":"(anonymous_19)","decl":{"start":{"line":78,"column":29},"end":{"line":78,"column":null}},"loc":{"start":{"line":78,"column":29},"end":{"line":85,"column":2}}}},"branchMap":{"0":{"loc":{"start":{"line":25,"column":4},"end":{"line":27,"column":5}},"type":"if","locations":[{"start":{"line":25,"column":4},"end":{"line":27,"column":5}}]},"1":{"loc":{"start":{"line":31,"column":4},"end":{"line":33,"column":5}},"type":"if","locations":[{"start":{"line":31,"column":4},"end":{"line":33,"column":5}}]},"2":{"loc":{"start":{"line":40,"column":12},"end":{"line":40,"column":44}},"type":"binary-expr","locations":[{"start":{"line":40,"column":12},"end":{"line":40,"column":25}},{"start":{"line":40,"column":29},"end":{"line":40,"column":44}}]}},"s":{"0":1,"1":1,"2":1,"3":5,"4":4,"5":4,"6":4,"7":4,"8":3,"9":3,"10":1,"11":2,"12":2,"13":2,"14":1,"15":1,"16":3,"17":3,"18":1,"19":3,"20":2,"21":2,"22":2,"23":2,"24":2,"25":1,"26":2,"27":2,"28":1,"29":1,"30":1,"31":1,"32":3,"33":4,"34":1,"35":1,"36":1},"f":{"0":8,"1":4,"2":4},"b":{"0":[1],"1":[1],"2":[1,0]}}
,"C:\\Users\\Gamer\\Desktop\\Repositories\\IT-project-1\\src\\server\\services\\user\\userActions.ts": {"path":"C:\\Users\\Gamer\\Desktop\\Repositories\\IT-project-1\\src\\server\\services\\user\\userActions.ts","statementMap":{"0":{"start":{"line":1,"column":0},"end":{"line":1,"column":52}},"1":{"start":{"line":2,"column":0},"end":{"line":2,"column":null}},"2":{"start":{"line":10,"column":13},"end":{"line":20,"column":2}},"3":{"start":{"line":12,"column":2},"end":{"line":19,"column":null}},"4":{"start":{"line":12,"column":42},"end":{"line":12,"column":44}},"5":{"start":{"line":14,"column":6},"end":{"line":14,"column":44}},"6":{"start":{"line":15,"column":6},"end":{"line":15,"column":22}},"7":{"start":{"line":17,"column":6},"end":{"line":17,"column":55}},"8":{"start":{"line":23,"column":13},"end":{"line":34,"column":2}},"9":{"start":{"line":25,"column":2},"end":{"line":33,"column":null}},"10":{"start":{"line":25,"column":39},"end":{"line":25,"column":41}},"11":{"start":{"line":27,"column":19},"end":{"line":27,"column":null}},"12":{"start":{"line":27,"column":12},"end":{"line":27,"column":null}},"13":{"start":{"line":28,"column":6},"end":{"line":28,"column":58}},"14":{"start":{"line":28,"column":17},"end":{"line":28,"column":58}},"15":{"start":{"line":29,"column":6},"end":{"line":29,"column":18}},"16":{"start":{"line":31,"column":6},"end":{"line":31,"column":55}},"17":{"start":{"line":37,"column":13},"end":{"line":50,"column":2}},"18":{"start":{"line":39,"column":2},"end":{"line":49,"column":null}},"19":{"start":{"line":40,"column":9},"end":{"line":40,"column":11}},"20":{"start":{"line":40,"column":18},"end":{"line":40,"column":61}},"21":{"start":{"line":41,"column":21},"end":{"line":41,"column":23}},"22":{"start":{"line":44,"column":6},"end":{"line":44,"column":48}},"23":{"start":{"line":45,"column":6},"end":{"line":45,"column":30}},"24":{"start":{"line":47,"column":6},"end":{"line":47,"column":55}}},"fnMap":{"0":{"name":"(anonymous_13)","decl":{"start":{"line":12,"column":2},"end":{"line":12,"column":9}},"loc":{"start":{"line":12,"column":2},"end":{"line":19,"column":null}}},"1":{"name":"(anonymous_16)","decl":{"start":{"line":25,"column":2},"end":{"line":25,"column":9}},"loc":{"start":{"line":25,"column":2},"end":{"line":33,"column":null}}},"2":{"name":"(anonymous_19)","decl":{"start":{"line":39,"column":2},"end":{"line":39,"column":null}},"loc":{"start":{"line":39,"column":2},"end":{"line":49,"column":null}}}},"branchMap":{"0":{"loc":{"start":{"line":28,"column":6},"end":{"line":28,"column":58}},"type":"if","locations":[{"start":{"line":28,"column":6},"end":{"line":28,"column":58}}]}},"s":{"0":1,"1":1,"2":1,"3":2,"4":2,"5":4,"6":1,"7":1,"8":1,"9":2,"10":2,"11":2,"12":2,"13":1,"14":0,"15":1,"16":1,"17":1,"18":2,"19":2,"20":2,"21":2,"22":4,"23":1,"24":1},"f":{"0":4,"1":4,"2":4},"b":{"0":[0]}}
,"C:\\Users\\Gamer\\Desktop\\Repositories\\IT-project-1\\src\\server\\services\\user\\userService.ts": {"path":"C:\\Users\\Gamer\\Desktop\\Repositories\\IT-project-1\\src\\server\\services\\user\\userService.ts","statementMap":{"0":{"start":{"line":1,"column":0},"end":{"line":1,"column":68}},"1":{"start":{"line":2,"column":0},"end":{"line":2,"column":56}},"2":{"start":{"line":6,"column":37},"end":{"line":22,"column":2}},"3":{"start":{"line":6,"column":58},"end":{"line":22,"column":2}},"4":{"start":{"line":8,"column":10},"end":{"line":8,"column":58}},"5":{"start":{"line":9,"column":4},"end":{"line":17,"column":7}},"6":{"start":{"line":19,"column":10},"end":{"line":19,"column":69}},"7":{"start":{"line":20,"column":4},"end":{"line":20,"column":43}},"8":{"start":{"line":6,"column":13},"end":{"line":6,"column":37}},"9":{"start":{"line":25,"column":36},"end":{"line":43,"column":2}},"10":{"start":{"line":26,"column":13},"end":{"line":43,"column":2}},"11":{"start":{"line":29,"column":10},"end":{"line":29,"column":49}},"12":{"start":{"line":30,"column":25},"end":{"line":30,"column":null}},"13":{"start":{"line":30,"column":10},"end":{"line":30,"column":null}},"14":{"start":{"line":32,"column":4},"end":{"line":37,"column":5}},"15":{"start":{"line":33,"column":6},"end":{"line":36,"column":16}},"16":{"start":{"line":38,"column":4},"end":{"line":38,"column":16}},"17":{"start":{"line":40,"column":10},"end":{"line":40,"column":69}},"18":{"start":{"line":41,"column":4},"end":{"line":41,"column":43}},"19":{"start":{"line":25,"column":13},"end":{"line":25,"column":36}},"20":{"start":{"line":46,"column":37},"end":{"line":60,"column":2}},"21":{"start":{"line":48,"column":24},"end":{"line":60,"column":2}},"22":{"start":{"line":51,"column":10},"end":{"line":51,"column":49}},"23":{"start":{"line":52,"column":4},"end":{"line":55,"column":7}},"24":{"start":{"line":57,"column":10},"end":{"line":57,"column":69}},"25":{"start":{"line":58,"column":4},"end":{"line":58,"column":43}},"26":{"start":{"line":46,"column":13},"end":{"line":46,"column":37}}},"fnMap":{"0":{"name":"(anonymous_15)","decl":{"start":{"line":6,"column":37},"end":{"line":6,"column":44}},"loc":{"start":{"line":6,"column":58},"end":{"line":22,"column":2}}},"1":{"name":"(anonymous_16)","decl":{"start":{"line":6,"column":58},"end":{"line":6,"column":null}},"loc":{"start":{"line":6,"column":58},"end":{"line":22,"column":2}}},"2":{"name":"(anonymous_18)","decl":{"start":{"line":25,"column":36},"end":{"line":25,"column":null}},"loc":{"start":{"line":26,"column":13},"end":{"line":43,"column":2}}},"3":{"name":"(anonymous_19)","decl":{"start":{"line":26,"column":13},"end":{"line":26,"column":null}},"loc":{"start":{"line":26,"column":13},"end":{"line":43,"column":2}}},"4":{"name":"(anonymous_21)","decl":{"start":{"line":46,"column":37},"end":{"line":46,"column":null}},"loc":{"start":{"line":48,"column":24},"end":{"line":60,"column":2}}},"5":{"name":"(anonymous_22)","decl":{"start":{"line":48,"column":24},"end":{"line":48,"column":null}},"loc":{"start":{"line":48,"column":24},"end":{"line":60,"column":2}}}},"branchMap":{"0":{"loc":{"start":{"line":11,"column":12},"end":{"line":11,"column":33}},"type":"binary-expr","locations":[{"start":{"line":11,"column":12},"end":{"line":11,"column":25}},{"start":{"line":11,"column":29},"end":{"line":11,"column":33}}]},"1":{"loc":{"start":{"line":12,"column":13},"end":{"line":12,"column":35}},"type":"binary-expr","locations":[{"start":{"line":12,"column":13},"end":{"line":12,"column":27}},{"start":{"line":12,"column":31},"end":{"line":12,"column":35}}]},"2":{"loc":{"start":{"line":14,"column":12},"end":{"line":14,"column":44}},"type":"binary-expr","locations":[{"start":{"line":14,"column":12},"end":{"line":14,"column":25}},{"start":{"line":14,"column":29},"end":{"line":14,"column":44}}]},"3":{"loc":{"start":{"line":32,"column":4},"end":{"line":37,"column":5}},"type":"if","locations":[{"start":{"line":32,"column":4},"end":{"line":37,"column":5}}]}},"s":{"0":1,"1":1,"2":1,"3":2,"4":2,"5":4,"6":1,"7":1,"8":1,"9":1,"10":3,"11":3,"12":3,"13":3,"14":2,"15":1,"16":1,"17":1,"18":1,"19":1,"20":1,"21":2,"22":2,"23":4,"24":1,"25":1,"26":1},"f":{"0":2,"1":2,"2":3,"3":3,"4":2,"5":2},"b":{"0":[2,0],"1":[2,0],"2":[2,0],"3":[1]}}
}
