TN:
SF:src\server\services\auth\authActions.ts
FN:11,(anonymous_13)
FN:25,(anonymous_16)
FN:50,(anonymous_19)
FNF:3
FNH:3
FNDA:4,(anonymous_13)
FNDA:4,(anonymous_16)
FNDA:4,(anonymous_19)
DA:1,1
DA:4,1
DA:5,1
DA:7,1
DA:11,2
DA:13,2
DA:15,1
DA:17,1
DA:21,1
DA:25,2
DA:27,2
DA:29,1
DA:38,2
DA:40,1
DA:42,1
DA:46,1
DA:50,2
DA:52,4
DA:54,1
LF:19
LH:19
BRDA:31,0,0,1
BRDA:31,0,1,0
BRDA:32,1,0,1
BRDA:32,1,1,0
BRF:4
BRH:2
end_of_record
TN:
SF:src\server\services\auth\authService.ts
FN:13,(anonymous_13)
FN:50,(anonymous_16)
FN:78,(anonymous_19)
FNF:3
FNH:3
FNDA:8,(anonymous_13)
FNDA:4,(anonymous_16)
FNDA:4,(anonymous_19)
DA:1,1
DA:8,1
DA:11,1
DA:13,5
DA:14,4
DA:15,4
DA:18,4
DA:23,3
DA:25,3
DA:26,1
DA:29,2
DA:31,2
DA:32,1
DA:35,1
DA:45,3
DA:46,3
DA:50,3
DA:51,2
DA:52,2
DA:53,2
DA:56,2
DA:61,1
DA:63,2
DA:64,2
DA:66,1
DA:73,1
DA:74,1
DA:78,3
DA:80,4
DA:82,1
DA:83,1
LF:31
LH:31
BRDA:25,0,0,1
BRDA:31,1,0,1
BRDA:40,2,0,1
BRDA:40,2,1,0
BRF:4
BRH:3
end_of_record
TN:
SF:src\server\services\user\userActions.ts
FN:12,(anonymous_13)
FN:25,(anonymous_16)
FN:39,(anonymous_19)
FNF:3
FNH:3
FNDA:4,(anonymous_13)
FNDA:4,(anonymous_16)
FNDA:4,(anonymous_19)
DA:1,1
DA:2,1
DA:10,1
DA:12,2
DA:14,4
DA:15,1
DA:17,1
DA:23,1
DA:25,2
DA:27,2
DA:28,1
DA:29,1
DA:31,1
DA:37,1
DA:39,2
DA:40,2
DA:41,2
DA:44,4
DA:45,1
DA:47,1
LF:20
LH:20
BRDA:28,0,0,0
BRF:1
BRH:0
end_of_record
TN:
SF:src\server\services\user\userService.ts
FN:6,(anonymous_15)
FN:6,(anonymous_16)
FN:25,(anonymous_18)
FN:26,(anonymous_19)
FN:46,(anonymous_21)
FN:48,(anonymous_22)
FNF:6
FNH:6
FNDA:2,(anonymous_15)
FNDA:2,(anonymous_16)
FNDA:3,(anonymous_18)
FNDA:3,(anonymous_19)
FNDA:2,(anonymous_21)
FNDA:2,(anonymous_22)
DA:1,1
DA:2,1
DA:6,2
DA:8,2
DA:9,4
DA:19,1
DA:20,1
DA:25,1
DA:26,3
DA:29,3
DA:30,3
DA:32,2
DA:33,1
DA:38,1
DA:40,1
DA:41,1
DA:46,1
DA:48,2
DA:51,2
DA:52,4
DA:57,1
DA:58,1
LF:22
LH:22
BRDA:11,0,0,2
BRDA:11,0,1,0
BRDA:12,1,0,2
BRDA:12,1,1,0
BRDA:14,2,0,2
BRDA:14,2,1,0
BRDA:32,3,0,1
BRF:7
BRH:4
end_of_record
