<?xml version="1.0" encoding="UTF-8"?>
<coverage generated="1747815143441" clover="3.2.0">
  <project timestamp="1747815143442" name="All files">
    <metrics statements="9" coveredstatements="9" conditionals="9" coveredconditionals="8" methods="1" coveredmethods="1" elements="19" coveredelements="18" complexity="0" loc="9" ncloc="9" packages="1" files="1" classes="1"/>
    <file name="notificationController.ts" path="C:\Users\Gamer\Desktop\Repositories\IT-project-1\services\notification-service\src\controllers\notificationController.ts">
      <metrics statements="9" coveredstatements="9" conditionals="9" coveredconditionals="8" methods="1" coveredmethods="1"/>
      <line num="2" count="1" type="stmt"/>
      <line num="4" count="1" type="stmt"/>
      <line num="6" count="3" type="stmt"/>
      <line num="8" count="3" type="cond" truecount="4" falsecount="1"/>
      <line num="9" count="1" type="stmt"/>
      <line num="12" count="3" type="stmt"/>
      <line num="13" count="3" type="cond" truecount="4" falsecount="0"/>
      <line num="14" count="1" type="stmt"/>
      <line num="18" count="2" type="stmt"/>
    </file>
  </project>
</coverage>
