{"C:\\Users\\Gamer\\Desktop\\Repositories\\IT-project-1\\services\\notification-service\\src\\controllers\\notificationController.ts": {"path":"C:\\Users\\Gamer\\Desktop\\Repositories\\IT-project-1\\services\\notification-service\\src\\controllers\\notificationController.ts","statementMap":{"0":{"start":{"line":2,"column":0},"end":{"line":2,"column":62}},"1":{"start":{"line":6,"column":54},"end":{"line":6,"column":62}},"2":{"start":{"line":8,"column":4},"end":{"line":10,"column":5}},"3":{"start":{"line":9,"column":6},"end":{"line":9,"column":66}},"4":{"start":{"line":12,"column":4},"end":{"line":19,"column":5}},"5":{"start":{"line":13,"column":6},"end":{"line":13,"column":73}},"6":{"start":{"line":14,"column":6},"end":{"line":16,"column":70}},"7":{"start":{"line":18,"column":6},"end":{"line":18,"column":79}},"8":{"start":{"line":4,"column":0},"end":{"line":4,"column":13}}},"fnMap":{"0":{"name":"(anonymous_0)","decl":{"start":{"line":5,"column":9},"end":{"line":5,"column":14}},"loc":{"start":{"line":5,"column":59},"end":{"line":20,"column":3}}}},"branchMap":{"0":{"loc":{"start":{"line":8,"column":4},"end":{"line":10,"column":5}},"type":"if","locations":[{"start":{"line":8,"column":4},"end":{"line":10,"column":5}}]},"1":{"loc":{"start":{"line":8,"column":8},"end":{"line":8,"column":57}},"type":"binary-expr","locations":[{"start":{"line":8,"column":8},"end":{"line":8,"column":11}},{"start":{"line":8,"column":15},"end":{"line":8,"column":23}},{"start":{"line":8,"column":28},"end":{"line":8,"column":40}},{"start":{"line":8,"column":44},"end":{"line":8,"column":56}}]},"2":{"loc":{"start":{"line":13,"column":35},"end":{"line":13,"column":52}},"type":"binary-expr","locations":[{"start":{"line":13,"column":35},"end":{"line":13,"column":46}},{"start":{"line":13,"column":50},"end":{"line":13,"column":52}}]},"3":{"loc":{"start":{"line":13,"column":54},"end":{"line":13,"column":71}},"type":"binary-expr","locations":[{"start":{"line":13,"column":54},"end":{"line":13,"column":65}},{"start":{"line":13,"column":69},"end":{"line":13,"column":71}}]}},"s":{"0":1,"1":3,"2":3,"3":1,"4":3,"5":3,"6":1,"7":2,"8":1},"f":{"0":3},"b":{"0":[1],"1":[3,2,2,0],"2":[3,1],"3":[3,1]}}
}
