{"C:\\Users\\Gamer\\Desktop\\Repositories\\IT-project-1\\services\\user-service\\src\\controller\\userController.ts": {"path":"C:\\Users\\Gamer\\Desktop\\Repositories\\IT-project-1\\services\\user-service\\src\\controller\\userController.ts","statementMap":{"0":{"start":{"line":2,"column":0},"end":{"line":2,"column":null}},"1":{"start":{"line":11,"column":0},"end":{"line":11,"column":55}},"2":{"start":{"line":12,"column":0},"end":{"line":12,"column":56}},"3":{"start":{"line":15,"column":24},"end":{"line":36,"column":1}},"4":{"start":{"line":16,"column":2},"end":{"line":35,"column":3}},"5":{"start":{"line":17,"column":21},"end":{"line":17,"column":51}},"6":{"start":{"line":18,"column":26},"end":{"line":18,"column":49}},"7":{"start":{"line":20,"column":4},"end":{"line":22,"column":5}},"8":{"start":{"line":21,"column":6},"end":{"line":21,"column":76}},"9":{"start":{"line":24,"column":18},"end":{"line":27,"column":7}},"10":{"start":{"line":24,"column":51},"end":{"line":27,"column":6}},"11":{"start":{"line":29,"column":4},"end":{"line":29,"column":39}},"12":{"start":{"line":31,"column":27},"end":{"line":31,"column":77}},"13":{"start":{"line":33,"column":6},"end":{"line":33,"column":71}},"14":{"start":{"line":34,"column":4},"end":{"line":34,"column":57}},"15":{"start":{"line":15,"column":13},"end":{"line":15,"column":24}},"16":{"start":{"line":39,"column":23},"end":{"line":109,"column":1}},"17":{"start":{"line":40,"column":18},"end":{"line":40,"column":28}},"18":{"start":{"line":41,"column":2},"end":{"line":108,"column":3}},"19":{"start":{"line":42,"column":20},"end":{"line":42,"column":48}},"20":{"start":{"line":43,"column":25},"end":{"line":43,"column":46}},"21":{"start":{"line":45,"column":4},"end":{"line":47,"column":5}},"22":{"start":{"line":46,"column":6},"end":{"line":46,"column":71}},"23":{"start":{"line":49,"column":29},"end":{"line":51,"column":null}},"24":{"start":{"line":53,"column":32},"end":{"line":53,"column":63}},"25":{"start":{"line":54,"column":29},"end":{"line":54,"column":53}},"26":{"start":{"line":55,"column":24},"end":{"line":55,"column":48}},"27":{"start":{"line":57,"column":4},"end":{"line":59,"column":5}},"28":{"start":{"line":58,"column":6},"end":{"line":58,"column":18}},"29":{"start":{"line":61,"column":25},"end":{"line":70,"column":null}},"30":{"start":{"line":63,"column":33},"end":{"line":63,"column":43}},"31":{"start":{"line":64,"column":28},"end":{"line":66,"column":null}},"32":{"start":{"line":68,"column":31},"end":{"line":68,"column":57}},"33":{"start":{"line":69,"column":8},"end":{"line":69,"column":35}},"34":{"start":{"line":72,"column":24},"end":{"line":72,"column":75}},"35":{"start":{"line":72,"column":60},"end":{"line":72,"column":71}},"36":{"start":{"line":75,"column":35},"end":{"line":77,"column":null}},"37":{"start":{"line":79,"column":38},"end":{"line":79,"column":75}},"38":{"start":{"line":81,"column":29},"end":{"line":81,"column":33}},"39":{"start":{"line":82,"column":4},"end":{"line":94,"column":5}},"40":{"start":{"line":83,"column":36},"end":{"line":83,"column":38}},"41":{"start":{"line":84,"column":6},"end":{"line":89,"column":9}},"42":{"start":{"line":85,"column":21},"end":{"line":85,"column":31}},"43":{"start":{"line":86,"column":8},"end":{"line":88,"column":9}},"44":{"start":{"line":87,"column":10},"end":{"line":87,"column":44}},"45":{"start":{"line":90,"column":6},"end":{"line":93,"column":7}},"46":{"start":{"line":91,"column":20},"end":{"line":91,"column":66}},"47":{"start":{"line":91,"column":53},"end":{"line":91,"column":62}},"48":{"start":{"line":92,"column":8},"end":{"line":92,"column":54}},"49":{"start":{"line":96,"column":4},"end":{"line":102,"column":7}},"50":{"start":{"line":104,"column":27},"end":{"line":104,"column":77}},"51":{"start":{"line":106,"column":6},"end":{"line":106,"column":69}},"52":{"start":{"line":107,"column":4},"end":{"line":107,"column":57}},"53":{"start":{"line":39,"column":13},"end":{"line":39,"column":23}},"54":{"start":{"line":112,"column":26},"end":{"line":137,"column":1}},"55":{"start":{"line":113,"column":21},"end":{"line":113,"column":31}},"56":{"start":{"line":114,"column":18},"end":{"line":114,"column":26}},"57":{"start":{"line":115,"column":2},"end":{"line":136,"column":3}},"58":{"start":{"line":116,"column":20},"end":{"line":116,"column":51}},"59":{"start":{"line":117,"column":25},"end":{"line":117,"column":46}},"60":{"start":{"line":119,"column":4},"end":{"line":121,"column":5}},"61":{"start":{"line":120,"column":6},"end":{"line":120,"column":71}},"62":{"start":{"line":123,"column":4},"end":{"line":126,"column":7}},"63":{"start":{"line":128,"column":4},"end":{"line":130,"column":71}},"64":{"start":{"line":132,"column":27},"end":{"line":132,"column":77}},"65":{"start":{"line":134,"column":6},"end":{"line":134,"column":71}},"66":{"start":{"line":135,"column":4},"end":{"line":135,"column":57}},"67":{"start":{"line":112,"column":13},"end":{"line":112,"column":26}},"68":{"start":{"line":140,"column":48},"end":{"line":203,"column":1}},"69":{"start":{"line":144,"column":2},"end":{"line":202,"column":3}},"70":{"start":{"line":145,"column":21},"end":{"line":145,"column":51}},"71":{"start":{"line":146,"column":26},"end":{"line":146,"column":49}},"72":{"start":{"line":148,"column":4},"end":{"line":150,"column":5}},"73":{"start":{"line":149,"column":6},"end":{"line":149,"column":76}},"74":{"start":{"line":152,"column":28},"end":{"line":190,"column":null}},"75":{"start":{"line":154,"column":23},"end":{"line":154,"column":33}},"76":{"start":{"line":157,"column":33},"end":{"line":159,"column":null}},"77":{"start":{"line":161,"column":36},"end":{"line":161,"column":67}},"78":{"start":{"line":162,"column":28},"end":{"line":162,"column":52}},"79":{"start":{"line":164,"column":8},"end":{"line":166,"column":9}},"80":{"start":{"line":165,"column":10},"end":{"line":165,"column":22}},"81":{"start":{"line":169,"column":29},"end":{"line":178,"column":null}},"82":{"start":{"line":171,"column":37},"end":{"line":171,"column":47}},"83":{"start":{"line":172,"column":32},"end":{"line":174,"column":null}},"84":{"start":{"line":176,"column":35},"end":{"line":176,"column":61}},"85":{"start":{"line":177,"column":12},"end":{"line":177,"column":39}},"86":{"start":{"line":180,"column":28},"end":{"line":180,"column":79}},"87":{"start":{"line":180,"column":64},"end":{"line":180,"column":75}},"88":{"start":{"line":182,"column":33},"end":{"line":182,"column":51}},"89":{"start":{"line":184,"column":8},"end":{"line":189,"column":10}},"90":{"start":{"line":194,"column":26},"end":{"line":194,"column":73}},"91":{"start":{"line":194,"column":59},"end":{"line":194,"column":72}},"92":{"start":{"line":196,"column":4},"end":{"line":196,"column":40}},"93":{"start":{"line":198,"column":27},"end":{"line":198,"column":77}},"94":{"start":{"line":200,"column":6},"end":{"line":200,"column":71}},"95":{"start":{"line":201,"column":4},"end":{"line":201,"column":57}},"96":{"start":{"line":140,"column":13},"end":{"line":140,"column":48}}},"fnMap":{"0":{"name":"(anonymous_0)","decl":{"start":{"line":15,"column":24},"end":{"line":15,"column":29}},"loc":{"start":{"line":15,"column":62},"end":{"line":36,"column":1}}},"1":{"name":"(anonymous_1)","decl":{"start":{"line":24,"column":41},"end":{"line":24,"column":42}},"loc":{"start":{"line":24,"column":51},"end":{"line":27,"column":6}}},"2":{"name":"(anonymous_2)","decl":{"start":{"line":39,"column":23},"end":{"line":39,"column":28}},"loc":{"start":{"line":39,"column":75},"end":{"line":109,"column":1}}},"3":{"name":"(anonymous_3)","decl":{"start":{"line":62,"column":22},"end":{"line":62,"column":27}},"loc":{"start":{"line":62,"column":40},"end":{"line":70,"column":7}}},"4":{"name":"(anonymous_4)","decl":{"start":{"line":72,"column":44},"end":{"line":72,"column":45}},"loc":{"start":{"line":72,"column":60},"end":{"line":72,"column":71}}},"5":{"name":"(anonymous_5)","decl":{"start":{"line":84,"column":40},"end":{"line":84,"column":41}},"loc":{"start":{"line":84,"column":48},"end":{"line":89,"column":7}}},"6":{"name":"(anonymous_6)","decl":{"start":{"line":91,"column":39},"end":{"line":91,"column":40}},"loc":{"start":{"line":91,"column":53},"end":{"line":91,"column":62}}},"7":{"name":"(anonymous_7)","decl":{"start":{"line":112,"column":26},"end":{"line":112,"column":31}},"loc":{"start":{"line":112,"column":78},"end":{"line":137,"column":1}}},"8":{"name":"(anonymous_8)","decl":{"start":{"line":140,"column":48},"end":{"line":140,"column":53}},"loc":{"start":{"line":143,"column":18},"end":{"line":203,"column":1}}},"9":{"name":"(anonymous_9)","decl":{"start":{"line":153,"column":29},"end":{"line":153,"column":34}},"loc":{"start":{"line":153,"column":47},"end":{"line":190,"column":7}}},"10":{"name":"(anonymous_10)","decl":{"start":{"line":170,"column":26},"end":{"line":170,"column":31}},"loc":{"start":{"line":170,"column":44},"end":{"line":178,"column":11}}},"11":{"name":"(anonymous_11)","decl":{"start":{"line":180,"column":48},"end":{"line":180,"column":49}},"loc":{"start":{"line":180,"column":64},"end":{"line":180,"column":75}}},"12":{"name":"(anonymous_12)","decl":{"start":{"line":194,"column":49},"end":{"line":194,"column":50}},"loc":{"start":{"line":194,"column":59},"end":{"line":194,"column":72}}}},"branchMap":{"0":{"loc":{"start":{"line":20,"column":4},"end":{"line":22,"column":5}},"type":"if","locations":[{"start":{"line":20,"column":4},"end":{"line":22,"column":5}}]},"1":{"loc":{"start":{"line":33,"column":6},"end":{"line":33,"column":71}},"type":"binary-expr","locations":[{"start":{"line":33,"column":6},"end":{"line":33,"column":36}},{"start":{"line":33,"column":40},"end":{"line":33,"column":71}}]},"2":{"loc":{"start":{"line":45,"column":4},"end":{"line":47,"column":5}},"type":"if","locations":[{"start":{"line":45,"column":4},"end":{"line":47,"column":5}}]},"3":{"loc":{"start":{"line":57,"column":4},"end":{"line":59,"column":5}},"type":"if","locations":[{"start":{"line":57,"column":4},"end":{"line":59,"column":5}}]},"4":{"loc":{"start":{"line":82,"column":4},"end":{"line":94,"column":5}},"type":"if","locations":[{"start":{"line":82,"column":4},"end":{"line":94,"column":5}}]},"5":{"loc":{"start":{"line":86,"column":8},"end":{"line":88,"column":9}},"type":"if","locations":[{"start":{"line":86,"column":8},"end":{"line":88,"column":9}}]},"6":{"loc":{"start":{"line":90,"column":6},"end":{"line":93,"column":7}},"type":"if","locations":[{"start":{"line":90,"column":6},"end":{"line":93,"column":7}}]},"7":{"loc":{"start":{"line":106,"column":6},"end":{"line":106,"column":69}},"type":"binary-expr","locations":[{"start":{"line":106,"column":6},"end":{"line":106,"column":36}},{"start":{"line":106,"column":40},"end":{"line":106,"column":69}}]},"8":{"loc":{"start":{"line":119,"column":4},"end":{"line":121,"column":5}},"type":"if","locations":[{"start":{"line":119,"column":4},"end":{"line":121,"column":5}}]},"9":{"loc":{"start":{"line":134,"column":6},"end":{"line":134,"column":71}},"type":"binary-expr","locations":[{"start":{"line":134,"column":6},"end":{"line":134,"column":36}},{"start":{"line":134,"column":40},"end":{"line":134,"column":71}}]},"10":{"loc":{"start":{"line":148,"column":4},"end":{"line":150,"column":5}},"type":"if","locations":[{"start":{"line":148,"column":4},"end":{"line":150,"column":5}}]},"11":{"loc":{"start":{"line":164,"column":8},"end":{"line":166,"column":9}},"type":"if","locations":[{"start":{"line":164,"column":8},"end":{"line":166,"column":9}}]},"12":{"loc":{"start":{"line":200,"column":6},"end":{"line":200,"column":71}},"type":"binary-expr","locations":[{"start":{"line":200,"column":6},"end":{"line":200,"column":36}},{"start":{"line":200,"column":40},"end":{"line":200,"column":71}}]}},"s":{"0":1,"1":1,"2":1,"3":1,"4":6,"5":6,"6":6,"7":4,"8":2,"9":2,"10":4,"11":2,"12":2,"13":2,"14":2,"15":1,"16":1,"17":4,"18":4,"19":4,"20":4,"21":3,"22":1,"23":2,"24":0,"25":0,"26":0,"27":0,"28":0,"29":0,"30":0,"31":0,"32":0,"33":0,"34":0,"35":0,"36":0,"37":0,"38":0,"39":0,"40":0,"41":0,"42":0,"43":0,"44":0,"45":0,"46":0,"47":0,"48":0,"49":0,"50":3,"51":3,"52":3,"53":1,"54":1,"55":3,"56":3,"57":3,"58":3,"59":3,"60":2,"61":1,"62":1,"63":1,"64":1,"65":1,"66":1,"67":1,"68":1,"69":3,"70":3,"71":3,"72":3,"73":1,"74":2,"75":2,"76":2,"77":0,"78":0,"79":0,"80":0,"81":0,"82":0,"83":0,"84":0,"85":0,"86":0,"87":0,"88":0,"89":0,"90":0,"91":0,"92":0,"93":2,"94":2,"95":2,"96":1},"f":{"0":6,"1":4,"2":4,"3":0,"4":0,"5":0,"6":0,"7":3,"8":3,"9":2,"10":0,"11":0,"12":0},"b":{"0":[2],"1":[2,2],"2":[1],"3":[0],"4":[0],"5":[0],"6":[0],"7":[3,3],"8":[1],"9":[1,1],"10":[1],"11":[0],"12":[2,2]}}
}
