TN:
SF:src\controller\userController.ts
FN:15,(anonymous_0)
FN:24,(anonymous_1)
FN:39,(anonymous_2)
FN:62,(anonymous_3)
FN:72,(anonymous_4)
FN:84,(anonymous_5)
FN:91,(anonymous_6)
FN:112,(anonymous_7)
FN:140,(anonymous_8)
FN:153,(anonymous_9)
FN:170,(anonymous_10)
FN:180,(anonymous_11)
FN:194,(anonymous_12)
FNF:13
FNH:6
FNDA:6,(anonymous_0)
FNDA:4,(anonymous_1)
FNDA:4,(anonymous_2)
FNDA:0,(anonymous_3)
FNDA:0,(anonymous_4)
FNDA:0,(anonymous_5)
FNDA:0,(anonymous_6)
FNDA:3,(anonymous_7)
FNDA:3,(anonymous_8)
FNDA:2,(anonymous_9)
FNDA:0,(anonymous_10)
FNDA:0,(anonymous_11)
FNDA:0,(anonymous_12)
DA:2,1
DA:11,1
DA:12,1
DA:15,1
DA:16,6
DA:17,6
DA:18,6
DA:20,4
DA:21,2
DA:24,4
DA:29,2
DA:31,2
DA:33,2
DA:34,2
DA:39,1
DA:40,4
DA:41,4
DA:42,4
DA:43,4
DA:45,3
DA:46,1
DA:49,2
DA:53,0
DA:54,0
DA:55,0
DA:57,0
DA:58,0
DA:61,0
DA:63,0
DA:64,0
DA:68,0
DA:69,0
DA:72,0
DA:75,0
DA:79,0
DA:81,0
DA:82,0
DA:83,0
DA:84,0
DA:85,0
DA:86,0
DA:87,0
DA:90,0
DA:91,0
DA:92,0
DA:96,0
DA:104,3
DA:106,3
DA:107,3
DA:112,1
DA:113,3
DA:114,3
DA:115,3
DA:116,3
DA:117,3
DA:119,2
DA:120,1
DA:123,1
DA:128,1
DA:132,1
DA:134,1
DA:135,1
DA:140,1
DA:144,3
DA:145,3
DA:146,3
DA:148,3
DA:149,1
DA:152,2
DA:154,2
DA:157,2
DA:161,0
DA:162,0
DA:164,0
DA:165,0
DA:169,0
DA:171,0
DA:172,0
DA:176,0
DA:177,0
DA:180,0
DA:182,0
DA:184,0
DA:194,0
DA:196,0
DA:198,2
DA:200,2
DA:201,2
LF:88
LH:50
BRDA:20,0,0,2
BRDA:33,1,0,2
BRDA:33,1,1,2
BRDA:45,2,0,1
BRDA:57,3,0,0
BRDA:82,4,0,0
BRDA:86,5,0,0
BRDA:90,6,0,0
BRDA:106,7,0,3
BRDA:106,7,1,3
BRDA:119,8,0,1
BRDA:134,9,0,1
BRDA:134,9,1,1
BRDA:148,10,0,1
BRDA:164,11,0,0
BRDA:200,12,0,2
BRDA:200,12,1,2
BRF:17
BRH:12
end_of_record
