TN:
SF:src\controllers\evaluationFormController.ts
FN:23,(anonymous_0)
FN:44,(anonymous_1)
FN:70,(anonymous_2)
FN:84,(anonymous_3)
FN:89,(anonymous_4)
FN:93,(anonymous_5)
FN:96,(anonymous_6)
FN:123,(anonymous_7)
FN:145,(anonymous_8)
FN:173,(anonymous_9)
FN:201,(anonymous_10)
FN:212,(anonymous_11)
FN:239,(anonymous_12)
FN:270,(anonymous_13)
FN:299,(anonymous_14)
FN:310,(anonymous_15)
FNF:16
FNH:0
FNDA:0,(anonymous_0)
FNDA:0,(anonymous_1)
FNDA:0,(anonymous_2)
FNDA:0,(anonymous_3)
FNDA:0,(anonymous_4)
FNDA:0,(anonymous_5)
FNDA:0,(anonymous_6)
FNDA:0,(anonymous_7)
FNDA:0,(anonymous_8)
FNDA:0,(anonymous_9)
FNDA:0,(anonymous_10)
FNDA:0,(anonymous_11)
FNDA:0,(anonymous_12)
FNDA:0,(anonymous_13)
FNDA:0,(anonymous_14)
FNDA:0,(anonymous_15)
DA:2,0
DA:13,0
DA:14,0
DA:21,0
DA:23,0
DA:27,0
DA:28,0
DA:30,0
DA:31,0
DA:33,0
DA:34,0
DA:40,0
DA:43,0
DA:44,0
DA:47,0
DA:48,0
DA:54,0
DA:55,0
DA:63,0
DA:69,0
DA:71,0
DA:78,0
DA:83,0
DA:85,0
DA:89,0
DA:93,0
DA:96,0
DA:105,0
DA:111,0
DA:115,0
DA:117,0
DA:118,0
DA:123,0
DA:127,0
DA:128,0
DA:130,0
DA:131,0
DA:133,0
DA:134,0
DA:140,0
DA:144,0
DA:145,0
DA:148,0
DA:149,0
DA:154,0
DA:155,0
DA:161,0
DA:165,0
DA:167,0
DA:168,0
DA:173,0
DA:177,0
DA:179,0
DA:180,0
DA:184,0
DA:186,0
DA:187,0
DA:190,0
DA:191,0
DA:194,0
DA:198,0
DA:200,0
DA:202,0
DA:203,0
DA:206,0
DA:210,0
DA:212,0
DA:217,0
DA:225,0
DA:231,0
DA:233,0
DA:234,0
DA:239,0
DA:243,0
DA:245,0
DA:246,0
DA:247,0
DA:249,0
DA:250,0
DA:253,0
DA:255,0
DA:260,0
DA:262,0
DA:264,0
DA:265,0
DA:270,0
DA:274,0
DA:276,0
DA:278,0
DA:282,0
DA:284,0
DA:285,0
DA:288,0
DA:289,0
DA:292,0
DA:296,0
DA:298,0
DA:300,0
DA:303,0
DA:307,0
DA:309,0
DA:311,0
DA:316,0
DA:321,0
DA:323,0
DA:327,0
DA:329,0
DA:330,0
LF:108
LH:0
BRDA:33,0,0,0
BRDA:47,1,0,0
BRDA:89,2,0,0
BRDA:89,2,1,0
BRDA:93,3,0,0
BRDA:93,3,1,0
BRDA:96,4,0,0
BRDA:96,4,1,0
BRDA:117,5,0,0
BRDA:117,5,1,0
BRDA:133,6,0,0
BRDA:148,7,0,0
BRDA:167,8,0,0
BRDA:167,8,1,0
BRDA:186,9,0,0
BRDA:233,10,0,0
BRDA:233,10,1,0
BRDA:249,11,0,0
BRDA:264,12,0,0
BRDA:264,12,1,0
BRDA:284,13,0,0
BRDA:329,14,0,0
BRDA:329,14,1,0
BRF:23
BRH:0
end_of_record
TN:
SF:src\controllers\questionsController.ts
FN:16,(anonymous_0)
FN:49,(anonymous_1)
FN:59,(anonymous_2)
FN:63,(anonymous_3)
FN:79,(anonymous_4)
FN:109,(anonymous_5)
FNF:6
FNH:0
FNDA:0,(anonymous_0)
FNDA:0,(anonymous_1)
FNDA:0,(anonymous_2)
FNDA:0,(anonymous_3)
FNDA:0,(anonymous_4)
FNDA:0,(anonymous_5)
DA:2,0
DA:3,0
DA:12,0
DA:16,0
DA:20,0
DA:21,0
DA:23,0
DA:24,0
DA:26,0
DA:27,0
DA:30,0
DA:31,0
DA:37,0
DA:41,0
DA:43,0
DA:44,0
DA:49,0
DA:53,0
DA:54,0
DA:55,0
DA:56,0
DA:58,0
DA:59,0
DA:63,0
DA:65,0
DA:66,0
DA:69,0
DA:71,0
DA:73,0
DA:74,0
DA:79,0
DA:83,0
DA:84,0
DA:85,0
DA:86,0
DA:88,0
DA:89,0
DA:92,0
DA:94,0
DA:99,0
DA:101,0
DA:103,0
DA:104,0
DA:109,0
DA:113,0
DA:114,0
DA:115,0
DA:116,0
DA:118,0
DA:119,0
DA:122,0
DA:123,0
DA:125,0
DA:127,0
DA:128,0
LF:55
LH:0
BRDA:26,0,0,0
BRDA:43,1,0,0
BRDA:43,1,1,0
BRDA:65,2,0,0
BRDA:73,3,0,0
BRDA:73,3,1,0
BRDA:88,4,0,0
BRDA:103,5,0,0
BRDA:103,5,1,0
BRDA:118,6,0,0
BRDA:127,7,0,0
BRDA:127,7,1,0
BRF:12
BRH:0
end_of_record
TN:
SF:src\controllers\sectionsController.ts
FN:16,(anonymous_0)
FN:48,(anonymous_1)
FN:58,(anonymous_2)
FN:62,(anonymous_3)
FN:78,(anonymous_4)
FN:114,(anonymous_5)
FN:132,(anonymous_6)
FN:135,(anonymous_7)
FNF:8
FNH:0
FNDA:0,(anonymous_0)
FNDA:0,(anonymous_1)
FNDA:0,(anonymous_2)
FNDA:0,(anonymous_3)
FNDA:0,(anonymous_4)
FNDA:0,(anonymous_5)
FNDA:0,(anonymous_6)
FNDA:0,(anonymous_7)
DA:2,0
DA:3,0
DA:12,0
DA:16,0
DA:20,0
DA:21,0
DA:22,0
DA:23,0
DA:25,0
DA:26,0
DA:29,0
DA:30,0
DA:36,0
DA:40,0
DA:42,0
DA:43,0
DA:48,0
DA:52,0
DA:53,0
DA:54,0
DA:55,0
DA:57,0
DA:58,0
DA:62,0
DA:64,0
DA:65,0
DA:68,0
DA:70,0
DA:72,0
DA:73,0
DA:78,0
DA:82,0
DA:83,0
DA:84,0
DA:85,0
DA:87,0
DA:88,0
DA:91,0
DA:93,0
DA:94,0
DA:99,0
DA:104,0
DA:106,0
DA:108,0
DA:109,0
DA:114,0
DA:118,0
DA:119,0
DA:120,0
DA:121,0
DA:123,0
DA:124,0
DA:128,0
DA:129,0
DA:131,0
DA:132,0
DA:135,0
DA:136,0
DA:139,0
DA:142,0
DA:144,0
DA:148,0
DA:150,0
DA:152,0
LF:64
LH:0
BRDA:25,0,0,0
BRDA:42,1,0,0
BRDA:42,1,1,0
BRDA:64,2,0,0
BRDA:72,3,0,0
BRDA:72,3,1,0
BRDA:87,4,0,0
BRDA:93,5,0,0
BRDA:93,6,0,0
BRDA:93,6,1,0
BRDA:108,7,0,0
BRDA:108,7,1,0
BRDA:123,8,0,0
BRDA:150,9,0,0
BRDA:150,9,1,0
BRF:15
BRH:0
end_of_record
