<?xml version="1.0" encoding="UTF-8"?>
<coverage generated="1747820959985" clover="3.2.0">
  <project timestamp="1747820959985" name="All files">
    <metrics statements="134" coveredstatements="96" conditionals="36" coveredconditionals="20" methods="17" coveredmethods="9" elements="187" coveredelements="125" complexity="0" loc="134" ncloc="134" packages="1" files="2" classes="2"/>
    <file name="complianceReportController.ts" path="C:\Users\Gamer\Desktop\Repositories\IT-project-1\services\compliance-service\src\controllers\complianceReportController.ts">
      <metrics statements="22" coveredstatements="17" conditionals="7" coveredconditionals="2" methods="4" coveredmethods="2"/>
      <line num="2" count="1" type="stmt"/>
      <line num="3" count="1" type="stmt"/>
      <line num="4" count="1" type="stmt"/>
      <line num="7" count="1" type="stmt"/>
      <line num="10" count="0" type="cond" truecount="0" falsecount="4"/>
      <line num="12" count="1" type="stmt"/>
      <line num="22" count="0" type="stmt"/>
      <line num="23" count="0" type="stmt"/>
      <line num="25" count="0" type="stmt"/>
      <line num="38" count="0" type="stmt"/>
      <line num="42" count="1" type="stmt"/>
      <line num="46" count="3" type="stmt"/>
      <line num="47" count="3" type="stmt"/>
      <line num="49" count="3" type="stmt"/>
      <line num="54" count="2" type="stmt"/>
      <line num="56" count="2" type="cond" truecount="1" falsecount="0"/>
      <line num="57" count="1" type="stmt"/>
      <line num="62" count="1" type="stmt"/>
      <line num="67" count="1" type="stmt"/>
      <line num="69" count="1" type="stmt"/>
      <line num="71" count="1" type="cond" truecount="1" falsecount="1"/>
      <line num="72" count="1" type="stmt"/>
    </file>
    <file name="selfAssessmentController.ts" path="C:\Users\Gamer\Desktop\Repositories\IT-project-1\services\compliance-service\src\controllers\selfAssessmentController.ts">
      <metrics statements="112" coveredstatements="79" conditionals="29" coveredconditionals="18" methods="13" coveredmethods="7"/>
      <line num="2" count="1" type="stmt"/>
      <line num="13" count="1" type="stmt"/>
      <line num="14" count="1" type="stmt"/>
      <line num="15" count="1" type="stmt"/>
      <line num="16" count="1" type="stmt"/>
      <line num="18" count="1" type="stmt"/>
      <line num="22" count="2" type="stmt"/>
      <line num="24" count="2" type="stmt"/>
      <line num="26" count="2" type="stmt"/>
      <line num="33" count="2" type="stmt"/>
      <line num="35" count="2" type="cond" truecount="2" falsecount="0"/>
      <line num="37" count="1" type="stmt"/>
      <line num="47" count="1" type="stmt"/>
      <line num="52" count="1" type="stmt"/>
      <line num="53" count="1" type="stmt"/>
      <line num="55" count="1" type="stmt"/>
      <line num="56" count="0" type="stmt"/>
      <line num="60" count="1" type="stmt"/>
      <line num="65" count="1" type="stmt"/>
      <line num="69" count="1" type="stmt"/>
      <line num="75" count="1" type="stmt"/>
      <line num="80" count="0" type="stmt"/>
      <line num="82" count="0" type="cond" truecount="0" falsecount="2"/>
      <line num="83" count="0" type="stmt"/>
      <line num="87" count="1" type="stmt"/>
      <line num="91" count="3" type="stmt"/>
      <line num="92" count="3" type="stmt"/>
      <line num="94" count="3" type="stmt"/>
      <line num="101" count="3" type="stmt"/>
      <line num="103" count="2" type="cond" truecount="1" falsecount="0"/>
      <line num="104" count="1" type="stmt"/>
      <line num="109" count="1" type="stmt"/>
      <line num="111" count="1" type="stmt"/>
      <line num="113" count="1" type="cond" truecount="2" falsecount="0"/>
      <line num="114" count="1" type="stmt"/>
      <line num="118" count="1" type="stmt"/>
      <line num="122" count="3" type="stmt"/>
      <line num="123" count="3" type="stmt"/>
      <line num="125" count="3" type="stmt"/>
      <line num="132" count="3" type="stmt"/>
      <line num="133" count="3" type="cond" truecount="1" falsecount="0"/>
      <line num="134" count="1" type="stmt"/>
      <line num="139" count="2" type="stmt"/>
      <line num="140" count="2" type="stmt"/>
      <line num="142" count="2" type="stmt"/>
      <line num="144" count="2" type="stmt"/>
      <line num="145" count="2" type="stmt"/>
      <line num="157" count="1" type="stmt"/>
      <line num="168" count="1" type="stmt"/>
      <line num="173" count="1" type="stmt"/>
      <line num="177" count="1" type="stmt"/>
      <line num="179" count="1" type="cond" truecount="2" falsecount="0"/>
      <line num="180" count="1" type="stmt"/>
      <line num="184" count="1" type="stmt"/>
      <line num="188" count="2" type="stmt"/>
      <line num="189" count="2" type="stmt"/>
      <line num="191" count="2" type="stmt"/>
      <line num="196" count="2" type="stmt"/>
      <line num="198" count="1" type="cond" truecount="1" falsecount="0"/>
      <line num="199" count="1" type="stmt"/>
      <line num="204" count="0" type="stmt"/>
      <line num="209" count="0" type="stmt"/>
      <line num="211" count="1" type="stmt"/>
      <line num="213" count="1" type="cond" truecount="2" falsecount="0"/>
      <line num="214" count="1" type="stmt"/>
      <line num="218" count="1" type="stmt"/>
      <line num="222" count="2" type="stmt"/>
      <line num="223" count="2" type="stmt"/>
      <line num="225" count="2" type="stmt"/>
      <line num="230" count="2" type="stmt"/>
      <line num="232" count="1" type="cond" truecount="1" falsecount="0"/>
      <line num="233" count="1" type="stmt"/>
      <line num="239" count="0" type="stmt"/>
      <line num="240" count="0" type="stmt"/>
      <line num="241" count="0" type="stmt"/>
      <line num="242" count="0" type="stmt"/>
      <line num="243" count="0" type="stmt"/>
      <line num="244" count="0" type="cond" truecount="0" falsecount="1"/>
      <line num="245" count="0" type="stmt"/>
      <line num="253" count="0" type="stmt"/>
      <line num="256" count="0" type="stmt"/>
      <line num="257" count="0" type="stmt"/>
      <line num="258" count="0" type="stmt"/>
      <line num="259" count="0" type="stmt"/>
      <line num="262" count="0" type="stmt"/>
      <line num="263" count="0" type="stmt"/>
      <line num="264" count="0" type="cond" truecount="0" falsecount="2"/>
      <line num="266" count="0" type="stmt"/>
      <line num="270" count="0" type="stmt"/>
      <line num="272" count="0" type="stmt"/>
      <line num="273" count="0" type="cond" truecount="0" falsecount="1"/>
      <line num="274" count="0" type="stmt"/>
      <line num="275" count="0" type="cond" truecount="0" falsecount="2"/>
      <line num="276" count="0" type="stmt"/>
      <line num="284" count="0" type="stmt"/>
      <line num="286" count="0" type="stmt"/>
      <line num="299" count="0" type="stmt"/>
      <line num="301" count="1" type="stmt"/>
      <line num="303" count="1" type="cond" truecount="2" falsecount="0"/>
      <line num="304" count="1" type="stmt"/>
      <line num="308" count="1" type="stmt"/>
      <line num="312" count="3" type="stmt"/>
      <line num="313" count="3" type="stmt"/>
      <line num="315" count="3" type="stmt"/>
      <line num="320" count="3" type="stmt"/>
      <line num="322" count="1" type="cond" truecount="1" falsecount="0"/>
      <line num="323" count="1" type="stmt"/>
      <line num="328" count="0" type="stmt"/>
      <line num="330" count="0" type="stmt"/>
      <line num="335" count="2" type="stmt"/>
      <line num="337" count="2" type="cond" truecount="2" falsecount="0"/>
      <line num="338" count="2" type="stmt"/>
    </file>
  </project>
</coverage>
