{"C:\\Users\\Gamer\\Desktop\\Repositories\\IT-project-1\\services\\compliance-service\\src\\controllers\\complianceReportController.ts": {"path":"C:\\Users\\Gamer\\Desktop\\Repositories\\IT-project-1\\services\\compliance-service\\src\\controllers\\complianceReportController.ts","statementMap":{"0":{"start":{"line":2,"column":0},"end":{"line":2,"column":55}},"1":{"start":{"line":3,"column":0},"end":{"line":3,"column":56}},"2":{"start":{"line":4,"column":0},"end":{"line":4,"column":79}},"3":{"start":{"line":7,"column":34},"end":{"line":10,"column":76}},"4":{"start":{"line":10,"column":2},"end":{"line":10,"column":76}},"5":{"start":{"line":12,"column":38},"end":{"line":40,"column":1}},"6":{"start":{"line":22,"column":2},"end":{"line":39,"column":3}},"7":{"start":{"line":23,"column":29},"end":{"line":23,"column":66}},"8":{"start":{"line":25,"column":4},"end":{"line":36,"column":7}},"9":{"start":{"line":38,"column":4},"end":{"line":38,"column":56}},"10":{"start":{"line":12,"column":13},"end":{"line":12,"column":38}},"11":{"start":{"line":42,"column":46},"end":{"line":74,"column":1}},"12":{"start":{"line":46,"column":2},"end":{"line":73,"column":3}},"13":{"start":{"line":47,"column":23},"end":{"line":47,"column":33}},"14":{"start":{"line":49,"column":14},"end":{"line":51,"column":null}},"15":{"start":{"line":54,"column":21},"end":{"line":54,"column":37}},"16":{"start":{"line":56,"column":4},"end":{"line":60,"column":5}},"17":{"start":{"line":57,"column":6},"end":{"line":59,"column":65}},"18":{"start":{"line":62,"column":20},"end":{"line":65,"column":7}},"19":{"start":{"line":62,"column":48},"end":{"line":65,"column":6}},"20":{"start":{"line":67,"column":4},"end":{"line":67,"column":41}},"21":{"start":{"line":69,"column":27},"end":{"line":69,"column":77}},"22":{"start":{"line":71,"column":6},"end":{"line":71,"column":71}},"23":{"start":{"line":72,"column":4},"end":{"line":72,"column":50}},"24":{"start":{"line":42,"column":13},"end":{"line":42,"column":46}}},"fnMap":{"0":{"name":"(anonymous_0)","decl":{"start":{"line":7,"column":34},"end":{"line":7,"column":null}},"loc":{"start":{"line":10,"column":2},"end":{"line":10,"column":76}}},"1":{"name":"(anonymous_1)","decl":{"start":{"line":12,"column":38},"end":{"line":12,"column":43}},"loc":{"start":{"line":21,"column":35},"end":{"line":40,"column":1}}},"2":{"name":"(anonymous_2)","decl":{"start":{"line":42,"column":46},"end":{"line":42,"column":51}},"loc":{"start":{"line":45,"column":18},"end":{"line":74,"column":1}}},"3":{"name":"(anonymous_3)","decl":{"start":{"line":62,"column":38},"end":{"line":62,"column":39}},"loc":{"start":{"line":62,"column":48},"end":{"line":65,"column":6}}}},"branchMap":{"0":{"loc":{"start":{"line":10,"column":2},"end":{"line":10,"column":76}},"type":"cond-expr","locations":[{"start":{"line":10,"column":16},"end":{"line":10,"column":24}},{"start":{"line":10,"column":27},"end":{"line":10,"column":76}}]},"1":{"loc":{"start":{"line":10,"column":27},"end":{"line":10,"column":76}},"type":"cond-expr","locations":[{"start":{"line":10,"column":41},"end":{"line":10,"column":62}},{"start":{"line":10,"column":65},"end":{"line":10,"column":76}}]},"2":{"loc":{"start":{"line":56,"column":4},"end":{"line":60,"column":5}},"type":"if","locations":[{"start":{"line":56,"column":4},"end":{"line":60,"column":5}}]},"3":{"loc":{"start":{"line":71,"column":6},"end":{"line":71,"column":71}},"type":"binary-expr","locations":[{"start":{"line":71,"column":6},"end":{"line":71,"column":36}},{"start":{"line":71,"column":40},"end":{"line":71,"column":71}}]}},"s":{"0":1,"1":1,"2":1,"3":1,"4":0,"5":1,"6":0,"7":0,"8":0,"9":0,"10":1,"11":1,"12":3,"13":3,"14":3,"15":2,"16":2,"17":1,"18":1,"19":1,"20":1,"21":1,"22":1,"23":1,"24":1},"f":{"0":0,"1":0,"2":3,"3":1},"b":{"0":[0,0],"1":[0,0],"2":[1],"3":[1,0]}}
,"C:\\Users\\Gamer\\Desktop\\Repositories\\IT-project-1\\services\\compliance-service\\src\\controllers\\selfAssessmentController.ts": {"path":"C:\\Users\\Gamer\\Desktop\\Repositories\\IT-project-1\\services\\compliance-service\\src\\controllers\\selfAssessmentController.ts","statementMap":{"0":{"start":{"line":2,"column":0},"end":{"line":2,"column":null}},"1":{"start":{"line":13,"column":0},"end":{"line":13,"column":55}},"2":{"start":{"line":14,"column":0},"end":{"line":14,"column":65}},"3":{"start":{"line":15,"column":0},"end":{"line":15,"column":73}},"4":{"start":{"line":16,"column":0},"end":{"line":16,"column":56}},"5":{"start":{"line":18,"column":35},"end":{"line":85,"column":1}},"6":{"start":{"line":22,"column":2},"end":{"line":84,"column":3}},"7":{"start":{"line":24,"column":6},"end":{"line":24,"column":14}},"8":{"start":{"line":26,"column":14},"end":{"line":30,"column":null}},"9":{"start":{"line":33,"column":21},"end":{"line":33,"column":37}},"10":{"start":{"line":35,"column":4},"end":{"line":78,"column":5}},"11":{"start":{"line":37,"column":6},"end":{"line":46,"column":9}},"12":{"start":{"line":47,"column":6},"end":{"line":49,"column":75}},"13":{"start":{"line":52,"column":23},"end":{"line":52,"column":39}},"14":{"start":{"line":53,"column":23},"end":{"line":53,"column":38}},"15":{"start":{"line":55,"column":29},"end":{"line":58,"column":8}},"16":{"start":{"line":56,"column":47},"end":{"line":56,"column":72}},"17":{"start":{"line":60,"column":30},"end":{"line":66,"column":null}},"18":{"start":{"line":65,"column":29},"end":{"line":65,"column":57}},"19":{"start":{"line":69,"column":6},"end":{"line":73,"column":9}},"20":{"start":{"line":75,"column":6},"end":{"line":77,"column":63}},"21":{"start":{"line":80,"column":27},"end":{"line":80,"column":77}},"22":{"start":{"line":82,"column":6},"end":{"line":82,"column":65}},"23":{"start":{"line":83,"column":4},"end":{"line":83,"column":57}},"24":{"start":{"line":18,"column":13},"end":{"line":18,"column":35}},"25":{"start":{"line":87,"column":34},"end":{"line":116,"column":1}},"26":{"start":{"line":91,"column":2},"end":{"line":115,"column":3}},"27":{"start":{"line":92,"column":37},"end":{"line":92,"column":47}},"28":{"start":{"line":94,"column":14},"end":{"line":98,"column":null}},"29":{"start":{"line":101,"column":21},"end":{"line":101,"column":37}},"30":{"start":{"line":103,"column":4},"end":{"line":107,"column":5}},"31":{"start":{"line":104,"column":6},"end":{"line":106,"column":72}},"32":{"start":{"line":109,"column":4},"end":{"line":109,"column":57}},"33":{"start":{"line":111,"column":27},"end":{"line":111,"column":77}},"34":{"start":{"line":113,"column":6},"end":{"line":113,"column":66}},"35":{"start":{"line":114,"column":4},"end":{"line":114,"column":57}},"36":{"start":{"line":87,"column":13},"end":{"line":87,"column":34}},"37":{"start":{"line":118,"column":46},"end":{"line":182,"column":1}},"38":{"start":{"line":122,"column":2},"end":{"line":181,"column":3}},"39":{"start":{"line":123,"column":71},"end":{"line":123,"column":79}},"40":{"start":{"line":125,"column":14},"end":{"line":129,"column":null}},"41":{"start":{"line":132,"column":21},"end":{"line":132,"column":37}},"42":{"start":{"line":133,"column":4},"end":{"line":137,"column":5}},"43":{"start":{"line":134,"column":6},"end":{"line":136,"column":74}},"44":{"start":{"line":139,"column":21},"end":{"line":139,"column":37}},"45":{"start":{"line":140,"column":18},"end":{"line":140,"column":33}},"46":{"start":{"line":142,"column":42},"end":{"line":142,"column":72}},"47":{"start":{"line":144,"column":30},"end":{"line":144,"column":75}},"48":{"start":{"line":145,"column":4},"end":{"line":155,"column":7}},"49":{"start":{"line":157,"column":4},"end":{"line":166,"column":7}},"50":{"start":{"line":168,"column":4},"end":{"line":171,"column":7}},"51":{"start":{"line":173,"column":4},"end":{"line":175,"column":65}},"52":{"start":{"line":177,"column":27},"end":{"line":177,"column":77}},"53":{"start":{"line":179,"column":6},"end":{"line":179,"column":45}},"54":{"start":{"line":180,"column":4},"end":{"line":180,"column":57}},"55":{"start":{"line":118,"column":13},"end":{"line":118,"column":46}},"56":{"start":{"line":184,"column":43},"end":{"line":216,"column":1}},"57":{"start":{"line":188,"column":2},"end":{"line":215,"column":3}},"58":{"start":{"line":189,"column":23},"end":{"line":189,"column":33}},"59":{"start":{"line":191,"column":14},"end":{"line":193,"column":null}},"60":{"start":{"line":196,"column":21},"end":{"line":196,"column":37}},"61":{"start":{"line":198,"column":4},"end":{"line":202,"column":5}},"62":{"start":{"line":199,"column":6},"end":{"line":201,"column":77}},"63":{"start":{"line":204,"column":36},"end":{"line":207,"column":7}},"64":{"start":{"line":204,"column":64},"end":{"line":207,"column":6}},"65":{"start":{"line":209,"column":4},"end":{"line":209,"column":57}},"66":{"start":{"line":211,"column":27},"end":{"line":211,"column":77}},"67":{"start":{"line":213,"column":6},"end":{"line":213,"column":71}},"68":{"start":{"line":214,"column":4},"end":{"line":214,"column":57}},"69":{"start":{"line":184,"column":13},"end":{"line":184,"column":43}},"70":{"start":{"line":218,"column":49},"end":{"line":306,"column":1}},"71":{"start":{"line":222,"column":2},"end":{"line":305,"column":3}},"72":{"start":{"line":223,"column":23},"end":{"line":223,"column":33}},"73":{"start":{"line":225,"column":14},"end":{"line":227,"column":null}},"74":{"start":{"line":230,"column":21},"end":{"line":230,"column":37}},"75":{"start":{"line":232,"column":4},"end":{"line":236,"column":5}},"76":{"start":{"line":233,"column":6},"end":{"line":235,"column":65}},"77":{"start":{"line":239,"column":43},"end":{"line":239,"column":45}},"78":{"start":{"line":240,"column":4},"end":{"line":251,"column":7}},"79":{"start":{"line":241,"column":19},"end":{"line":241,"column":29}},"80":{"start":{"line":242,"column":52},"end":{"line":242,"column":56}},"81":{"start":{"line":243,"column":18},"end":{"line":243,"column":55}},"82":{"start":{"line":244,"column":6},"end":{"line":244,"column":43}},"83":{"start":{"line":244,"column":25},"end":{"line":244,"column":43}},"84":{"start":{"line":245,"column":6},"end":{"line":250,"column":9}},"85":{"start":{"line":253,"column":19},"end":{"line":296,"column":null}},"86":{"start":{"line":256,"column":28},"end":{"line":260,"column":10}},"87":{"start":{"line":257,"column":24},"end":{"line":257,"column":55}},"88":{"start":{"line":258,"column":24},"end":{"line":258,"column":55}},"89":{"start":{"line":259,"column":10},"end":{"line":259,"column":31}},"90":{"start":{"line":262,"column":8},"end":{"line":295,"column":11}},"91":{"start":{"line":263,"column":35},"end":{"line":263,"column":42}},"92":{"start":{"line":264,"column":32},"end":{"line":264,"column":76}},"93":{"start":{"line":266,"column":29},"end":{"line":268,"column":null}},"94":{"start":{"line":270,"column":32},"end":{"line":270,"column":57}},"95":{"start":{"line":272,"column":28},"end":{"line":272,"column":41}},"96":{"start":{"line":273,"column":10},"end":{"line":280,"column":11}},"97":{"start":{"line":274,"column":29},"end":{"line":274,"column":57}},"98":{"start":{"line":275,"column":34},"end":{"line":275,"column":62}},"99":{"start":{"line":276,"column":12},"end":{"line":279,"column":31}},"100":{"start":{"line":284,"column":12},"end":{"line":284,"column":16}},"101":{"start":{"line":286,"column":10},"end":{"line":294,"column":12}},"102":{"start":{"line":299,"column":4},"end":{"line":299,"column":40}},"103":{"start":{"line":301,"column":27},"end":{"line":301,"column":77}},"104":{"start":{"line":303,"column":6},"end":{"line":303,"column":71}},"105":{"start":{"line":304,"column":4},"end":{"line":304,"column":57}},"106":{"start":{"line":218,"column":13},"end":{"line":218,"column":49}},"107":{"start":{"line":308,"column":47},"end":{"line":340,"column":1}},"108":{"start":{"line":312,"column":2},"end":{"line":339,"column":3}},"109":{"start":{"line":313,"column":33},"end":{"line":313,"column":43}},"110":{"start":{"line":315,"column":30},"end":{"line":318,"column":null}},"111":{"start":{"line":320,"column":21},"end":{"line":320,"column":52}},"112":{"start":{"line":322,"column":4},"end":{"line":326,"column":5}},"113":{"start":{"line":323,"column":6},"end":{"line":325,"column":76}},"114":{"start":{"line":328,"column":27},"end":{"line":328,"column":42}},"115":{"start":{"line":330,"column":4},"end":{"line":333,"column":7}},"116":{"start":{"line":335,"column":27},"end":{"line":335,"column":77}},"117":{"start":{"line":337,"column":6},"end":{"line":337,"column":71}},"118":{"start":{"line":338,"column":4},"end":{"line":338,"column":57}},"119":{"start":{"line":308,"column":13},"end":{"line":308,"column":47}}},"fnMap":{"0":{"name":"(anonymous_0)","decl":{"start":{"line":18,"column":35},"end":{"line":18,"column":40}},"loc":{"start":{"line":21,"column":18},"end":{"line":85,"column":1}}},"1":{"name":"(anonymous_1)","decl":{"start":{"line":56,"column":35},"end":{"line":56,"column":36}},"loc":{"start":{"line":56,"column":47},"end":{"line":56,"column":72}}},"2":{"name":"(anonymous_2)","decl":{"start":{"line":65,"column":16},"end":{"line":65,"column":17}},"loc":{"start":{"line":65,"column":29},"end":{"line":65,"column":57}}},"3":{"name":"(anonymous_3)","decl":{"start":{"line":87,"column":34},"end":{"line":87,"column":39}},"loc":{"start":{"line":90,"column":18},"end":{"line":116,"column":1}}},"4":{"name":"(anonymous_4)","decl":{"start":{"line":118,"column":46},"end":{"line":118,"column":51}},"loc":{"start":{"line":121,"column":18},"end":{"line":182,"column":1}}},"5":{"name":"(anonymous_5)","decl":{"start":{"line":184,"column":43},"end":{"line":184,"column":48}},"loc":{"start":{"line":187,"column":18},"end":{"line":216,"column":1}}},"6":{"name":"(anonymous_6)","decl":{"start":{"line":204,"column":54},"end":{"line":204,"column":55}},"loc":{"start":{"line":204,"column":64},"end":{"line":207,"column":6}}},"7":{"name":"(anonymous_7)","decl":{"start":{"line":218,"column":49},"end":{"line":218,"column":54}},"loc":{"start":{"line":221,"column":18},"end":{"line":306,"column":1}}},"8":{"name":"(anonymous_8)","decl":{"start":{"line":240,"column":26},"end":{"line":240,"column":27}},"loc":{"start":{"line":240,"column":34},"end":{"line":251,"column":5}}},"9":{"name":"(anonymous_9)","decl":{"start":{"line":254,"column":37},"end":{"line":254,"column":38}},"loc":{"start":{"line":254,"column":47},"end":{"line":296,"column":7}}},"10":{"name":"(anonymous_10)","decl":{"start":{"line":256,"column":44},"end":{"line":256,"column":45}},"loc":{"start":{"line":256,"column":53},"end":{"line":260,"column":9}}},"11":{"name":"(anonymous_11)","decl":{"start":{"line":262,"column":31},"end":{"line":262,"column":36}},"loc":{"start":{"line":262,"column":51},"end":{"line":295,"column":9}}},"12":{"name":"(anonymous_12)","decl":{"start":{"line":308,"column":47},"end":{"line":308,"column":52}},"loc":{"start":{"line":311,"column":18},"end":{"line":340,"column":1}}}},"branchMap":{"0":{"loc":{"start":{"line":35,"column":4},"end":{"line":78,"column":5}},"type":"if","locations":[{"start":{"line":35,"column":4},"end":{"line":78,"column":5}},{"start":{"line":50,"column":11},"end":{"line":78,"column":5}}]},"1":{"loc":{"start":{"line":63,"column":16},"end":{"line":63,"column":48}},"type":"binary-expr","locations":[{"start":{"line":63,"column":16},"end":{"line":63,"column":42}},{"start":{"line":63,"column":46},"end":{"line":63,"column":48}}]},"2":{"loc":{"start":{"line":82,"column":6},"end":{"line":82,"column":65}},"type":"binary-expr","locations":[{"start":{"line":82,"column":6},"end":{"line":82,"column":36}},{"start":{"line":82,"column":40},"end":{"line":82,"column":65}}]},"3":{"loc":{"start":{"line":103,"column":4},"end":{"line":107,"column":5}},"type":"if","locations":[{"start":{"line":103,"column":4},"end":{"line":107,"column":5}}]},"4":{"loc":{"start":{"line":113,"column":6},"end":{"line":113,"column":66}},"type":"binary-expr","locations":[{"start":{"line":113,"column":6},"end":{"line":113,"column":36}},{"start":{"line":113,"column":40},"end":{"line":113,"column":66}}]},"5":{"loc":{"start":{"line":133,"column":4},"end":{"line":137,"column":5}},"type":"if","locations":[{"start":{"line":133,"column":4},"end":{"line":137,"column":5}}]},"6":{"loc":{"start":{"line":179,"column":6},"end":{"line":179,"column":45}},"type":"binary-expr","locations":[{"start":{"line":179,"column":6},"end":{"line":179,"column":36}},{"start":{"line":179,"column":40},"end":{"line":179,"column":45}}]},"7":{"loc":{"start":{"line":198,"column":4},"end":{"line":202,"column":5}},"type":"if","locations":[{"start":{"line":198,"column":4},"end":{"line":202,"column":5}}]},"8":{"loc":{"start":{"line":213,"column":6},"end":{"line":213,"column":71}},"type":"binary-expr","locations":[{"start":{"line":213,"column":6},"end":{"line":213,"column":36}},{"start":{"line":213,"column":40},"end":{"line":213,"column":71}}]},"9":{"loc":{"start":{"line":232,"column":4},"end":{"line":236,"column":5}},"type":"if","locations":[{"start":{"line":232,"column":4},"end":{"line":236,"column":5}}]},"10":{"loc":{"start":{"line":244,"column":6},"end":{"line":244,"column":43}},"type":"if","locations":[{"start":{"line":244,"column":6},"end":{"line":244,"column":43}}]},"11":{"loc":{"start":{"line":264,"column":44},"end":{"line":264,"column":68}},"type":"binary-expr","locations":[{"start":{"line":264,"column":44},"end":{"line":264,"column":62}},{"start":{"line":264,"column":66},"end":{"line":264,"column":68}}]},"12":{"loc":{"start":{"line":273,"column":10},"end":{"line":280,"column":11}},"type":"if","locations":[{"start":{"line":273,"column":10},"end":{"line":280,"column":11}}]},"13":{"loc":{"start":{"line":275,"column":34},"end":{"line":275,"column":62}},"type":"binary-expr","locations":[{"start":{"line":275,"column":34},"end":{"line":275,"column":56}},{"start":{"line":275,"column":60},"end":{"line":275,"column":62}}]},"14":{"loc":{"start":{"line":277,"column":14},"end":{"line":279,"column":30}},"type":"cond-expr","locations":[{"start":{"line":278,"column":18},"end":{"line":278,"column":30}},{"start":{"line":279,"column":18},"end":{"line":279,"column":30}}]},"15":{"loc":{"start":{"line":303,"column":6},"end":{"line":303,"column":71}},"type":"binary-expr","locations":[{"start":{"line":303,"column":6},"end":{"line":303,"column":36}},{"start":{"line":303,"column":40},"end":{"line":303,"column":71}}]},"16":{"loc":{"start":{"line":322,"column":4},"end":{"line":326,"column":5}},"type":"if","locations":[{"start":{"line":322,"column":4},"end":{"line":326,"column":5}}]},"17":{"loc":{"start":{"line":337,"column":6},"end":{"line":337,"column":71}},"type":"binary-expr","locations":[{"start":{"line":337,"column":6},"end":{"line":337,"column":36}},{"start":{"line":337,"column":40},"end":{"line":337,"column":71}}]}},"s":{"0":1,"1":1,"2":1,"3":1,"4":1,"5":1,"6":2,"7":2,"8":2,"9":2,"10":2,"11":1,"12":1,"13":1,"14":1,"15":1,"16":0,"17":1,"18":1,"19":1,"20":1,"21":0,"22":0,"23":0,"24":1,"25":1,"26":3,"27":3,"28":3,"29":3,"30":2,"31":1,"32":1,"33":1,"34":1,"35":1,"36":1,"37":1,"38":3,"39":3,"40":3,"41":3,"42":3,"43":1,"44":2,"45":2,"46":2,"47":2,"48":2,"49":1,"50":1,"51":1,"52":1,"53":1,"54":1,"55":1,"56":1,"57":2,"58":2,"59":2,"60":2,"61":1,"62":1,"63":0,"64":0,"65":0,"66":1,"67":1,"68":1,"69":1,"70":1,"71":2,"72":2,"73":2,"74":2,"75":1,"76":1,"77":0,"78":0,"79":0,"80":0,"81":0,"82":0,"83":0,"84":0,"85":0,"86":0,"87":0,"88":0,"89":0,"90":0,"91":0,"92":0,"93":0,"94":0,"95":0,"96":0,"97":0,"98":0,"99":0,"100":0,"101":0,"102":0,"103":1,"104":1,"105":1,"106":1,"107":1,"108":3,"109":3,"110":3,"111":3,"112":1,"113":1,"114":0,"115":0,"116":2,"117":2,"118":2,"119":1},"f":{"0":2,"1":0,"2":1,"3":3,"4":3,"5":2,"6":0,"7":2,"8":0,"9":0,"10":0,"11":0,"12":3},"b":{"0":[1,1],"1":[1,0],"2":[0,0],"3":[1],"4":[1,1],"5":[1],"6":[1,1],"7":[1],"8":[1,1],"9":[1],"10":[0],"11":[0,0],"12":[0],"13":[0,0],"14":[0,0],"15":[1,1],"16":[1],"17":[2,2]}}
}
