TN:
SF:src\controllers\complianceReportController.ts
FN:7,(anonymous_0)
FN:12,(anonymous_1)
FN:42,(anonymous_2)
FN:62,(anonymous_3)
FNF:4
FNH:2
FNDA:0,(anonymous_0)
FNDA:0,(anonymous_1)
FNDA:3,(anonymous_2)
FNDA:1,(anonymous_3)
DA:2,1
DA:3,1
DA:4,1
DA:7,1
DA:10,0
DA:12,1
DA:22,0
DA:23,0
DA:25,0
DA:38,0
DA:42,1
DA:46,3
DA:47,3
DA:49,3
DA:54,2
DA:56,2
DA:57,1
DA:62,1
DA:67,1
DA:69,1
DA:71,1
DA:72,1
LF:22
LH:17
BRDA:10,0,0,0
BRDA:10,0,1,0
BRDA:10,1,0,0
BRDA:10,1,1,0
BRDA:56,2,0,1
BRDA:71,3,0,1
BRDA:71,3,1,0
BRF:7
BRH:2
end_of_record
TN:
SF:src\controllers\selfAssessmentController.ts
FN:18,(anonymous_0)
FN:56,(anonymous_1)
FN:65,(anonymous_2)
FN:87,(anonymous_3)
FN:118,(anonymous_4)
FN:184,(anonymous_5)
FN:204,(anonymous_6)
FN:218,(anonymous_7)
FN:240,(anonymous_8)
FN:254,(anonymous_9)
FN:256,(anonymous_10)
FN:262,(anonymous_11)
FN:308,(anonymous_12)
FNF:13
FNH:7
FNDA:2,(anonymous_0)
FNDA:0,(anonymous_1)
FNDA:1,(anonymous_2)
FNDA:3,(anonymous_3)
FNDA:3,(anonymous_4)
FNDA:2,(anonymous_5)
FNDA:0,(anonymous_6)
FNDA:2,(anonymous_7)
FNDA:0,(anonymous_8)
FNDA:0,(anonymous_9)
FNDA:0,(anonymous_10)
FNDA:0,(anonymous_11)
FNDA:3,(anonymous_12)
DA:2,1
DA:13,1
DA:14,1
DA:15,1
DA:16,1
DA:18,1
DA:22,2
DA:24,2
DA:26,2
DA:33,2
DA:35,2
DA:37,1
DA:47,1
DA:52,1
DA:53,1
DA:55,1
DA:56,0
DA:60,1
DA:65,1
DA:69,1
DA:75,1
DA:80,0
DA:82,0
DA:83,0
DA:87,1
DA:91,3
DA:92,3
DA:94,3
DA:101,3
DA:103,2
DA:104,1
DA:109,1
DA:111,1
DA:113,1
DA:114,1
DA:118,1
DA:122,3
DA:123,3
DA:125,3
DA:132,3
DA:133,3
DA:134,1
DA:139,2
DA:140,2
DA:142,2
DA:144,2
DA:145,2
DA:157,1
DA:168,1
DA:173,1
DA:177,1
DA:179,1
DA:180,1
DA:184,1
DA:188,2
DA:189,2
DA:191,2
DA:196,2
DA:198,1
DA:199,1
DA:204,0
DA:209,0
DA:211,1
DA:213,1
DA:214,1
DA:218,1
DA:222,2
DA:223,2
DA:225,2
DA:230,2
DA:232,1
DA:233,1
DA:239,0
DA:240,0
DA:241,0
DA:242,0
DA:243,0
DA:244,0
DA:245,0
DA:253,0
DA:256,0
DA:257,0
DA:258,0
DA:259,0
DA:262,0
DA:263,0
DA:264,0
DA:266,0
DA:270,0
DA:272,0
DA:273,0
DA:274,0
DA:275,0
DA:276,0
DA:284,0
DA:286,0
DA:299,0
DA:301,1
DA:303,1
DA:304,1
DA:308,1
DA:312,3
DA:313,3
DA:315,3
DA:320,3
DA:322,1
DA:323,1
DA:328,0
DA:330,0
DA:335,2
DA:337,2
DA:338,2
LF:112
LH:79
BRDA:35,0,0,1
BRDA:35,0,1,1
BRDA:63,1,0,1
BRDA:63,1,1,0
BRDA:82,2,0,0
BRDA:82,2,1,0
BRDA:103,3,0,1
BRDA:113,4,0,1
BRDA:113,4,1,1
BRDA:133,5,0,1
BRDA:179,6,0,1
BRDA:179,6,1,1
BRDA:198,7,0,1
BRDA:213,8,0,1
BRDA:213,8,1,1
BRDA:232,9,0,1
BRDA:244,10,0,0
BRDA:264,11,0,0
BRDA:264,11,1,0
BRDA:273,12,0,0
BRDA:275,13,0,0
BRDA:275,13,1,0
BRDA:277,14,0,0
BRDA:277,14,1,0
BRDA:303,15,0,1
BRDA:303,15,1,1
BRDA:322,16,0,1
BRDA:337,17,0,2
BRDA:337,17,1,2
BRF:29
BRH:18
end_of_record
