{"C:\\Users\\Gamer\\Desktop\\Repositories\\IT-project-1\\services\\auth-service\\src\\controllers\\authController.ts": {"path":"C:\\Users\\Gamer\\Desktop\\Repositories\\IT-project-1\\services\\auth-service\\src\\controllers\\authController.ts","statementMap":{"0":{"start":{"line":2,"column":0},"end":{"line":2,"column":null}},"1":{"start":{"line":9,"column":0},"end":{"line":9,"column":49}},"2":{"start":{"line":10,"column":0},"end":{"line":10,"column":58}},"3":{"start":{"line":12,"column":0},"end":{"line":12,"column":53}},"4":{"start":{"line":14,"column":24},"end":{"line":49,"column":1}},"5":{"start":{"line":15,"column":40},"end":{"line":15,"column":48}},"6":{"start":{"line":16,"column":2},"end":{"line":48,"column":3}},"7":{"start":{"line":17,"column":27},"end":{"line":20,"column":null}},"8":{"start":{"line":22,"column":17},"end":{"line":22,"column":36}},"9":{"start":{"line":24,"column":4},"end":{"line":24,"column":57}},"10":{"start":{"line":25,"column":4},"end":{"line":25,"column":38}},"11":{"start":{"line":27,"column":20},"end":{"line":27,"column":53}},"12":{"start":{"line":28,"column":4},"end":{"line":34,"column":7}},"13":{"start":{"line":36,"column":4},"end":{"line":41,"column":7}},"14":{"start":{"line":43,"column":27},"end":{"line":44,"column":43}},"15":{"start":{"line":46,"column":6},"end":{"line":46,"column":65}},"16":{"start":{"line":47,"column":4},"end":{"line":47,"column":50}},"17":{"start":{"line":14,"column":13},"end":{"line":14,"column":24}},"18":{"start":{"line":51,"column":21},"end":{"line":74,"column":1}},"19":{"start":{"line":52,"column":30},"end":{"line":52,"column":38}},"20":{"start":{"line":53,"column":2},"end":{"line":73,"column":3}},"21":{"start":{"line":54,"column":27},"end":{"line":57,"column":null}},"22":{"start":{"line":59,"column":17},"end":{"line":59,"column":36}},"23":{"start":{"line":61,"column":4},"end":{"line":66,"column":7}},"24":{"start":{"line":68,"column":27},"end":{"line":69,"column":43}},"25":{"start":{"line":71,"column":6},"end":{"line":71,"column":65}},"26":{"start":{"line":72,"column":4},"end":{"line":72,"column":50}},"27":{"start":{"line":51,"column":13},"end":{"line":51,"column":21}},"28":{"start":{"line":76,"column":22},"end":{"line":87,"column":1}},"29":{"start":{"line":77,"column":2},"end":{"line":86,"column":3}},"30":{"start":{"line":78,"column":4},"end":{"line":78,"column":24}},"31":{"start":{"line":79,"column":4},"end":{"line":79,"column":65}},"32":{"start":{"line":81,"column":27},"end":{"line":82,"column":43}},"33":{"start":{"line":84,"column":6},"end":{"line":84,"column":65}},"34":{"start":{"line":85,"column":4},"end":{"line":85,"column":50}},"35":{"start":{"line":76,"column":13},"end":{"line":76,"column":22}}},"fnMap":{"0":{"name":"(anonymous_0)","decl":{"start":{"line":14,"column":24},"end":{"line":14,"column":29}},"loc":{"start":{"line":14,"column":62},"end":{"line":49,"column":1}}},"1":{"name":"(anonymous_1)","decl":{"start":{"line":51,"column":21},"end":{"line":51,"column":26}},"loc":{"start":{"line":51,"column":59},"end":{"line":74,"column":1}}},"2":{"name":"(anonymous_2)","decl":{"start":{"line":76,"column":22},"end":{"line":76,"column":27}},"loc":{"start":{"line":76,"column":60},"end":{"line":87,"column":1}}}},"branchMap":{"0":{"loc":{"start":{"line":46,"column":6},"end":{"line":46,"column":65}},"type":"binary-expr","locations":[{"start":{"line":46,"column":6},"end":{"line":46,"column":36}},{"start":{"line":46,"column":40},"end":{"line":46,"column":65}}]},"1":{"loc":{"start":{"line":71,"column":6},"end":{"line":71,"column":65}},"type":"binary-expr","locations":[{"start":{"line":71,"column":6},"end":{"line":71,"column":36}},{"start":{"line":71,"column":40},"end":{"line":71,"column":65}}]},"2":{"loc":{"start":{"line":84,"column":6},"end":{"line":84,"column":65}},"type":"binary-expr","locations":[{"start":{"line":84,"column":6},"end":{"line":84,"column":36}},{"start":{"line":84,"column":40},"end":{"line":84,"column":65}}]}},"s":{"0":1,"1":1,"2":1,"3":1,"4":1,"5":2,"6":2,"7":2,"8":1,"9":1,"10":1,"11":1,"12":1,"13":1,"14":1,"15":1,"16":1,"17":1,"18":1,"19":2,"20":2,"21":2,"22":1,"23":1,"24":1,"25":1,"26":1,"27":1,"28":1,"29":2,"30":2,"31":1,"32":1,"33":1,"34":1,"35":1},"f":{"0":2,"1":2,"2":2},"b":{"0":[1,1],"1":[1,1],"2":[1,1]}}
}
