{"C:\\Users\\Gamer\\Desktop\\Repositories\\IT-project-1\\services\\auth-service\\src\\controllers\\authController.ts": {"path":"C:\\Users\\Gamer\\Desktop\\Repositories\\IT-project-1\\services\\auth-service\\src\\controllers\\authController.ts","statementMap":{"0":{"start":{"line":2,"column":0},"end":{"line":2,"column":null}},"1":{"start":{"line":10,"column":0},"end":{"line":10,"column":57}},"2":{"start":{"line":11,"column":0},"end":{"line":11,"column":61}},"3":{"start":{"line":13,"column":0},"end":{"line":13,"column":56}},"4":{"start":{"line":15,"column":24},"end":{"line":47,"column":1}},"5":{"start":{"line":16,"column":46},"end":{"line":16,"column":54}},"6":{"start":{"line":18,"column":2},"end":{"line":46,"column":3}},"7":{"start":{"line":19,"column":21},"end":{"line":22,"column":null}},"8":{"start":{"line":24,"column":4},"end":{"line":24,"column":24}},"9":{"start":{"line":26,"column":4},"end":{"line":26,"column":57}},"10":{"start":{"line":27,"column":4},"end":{"line":27,"column":38}},"11":{"start":{"line":29,"column":4},"end":{"line":36,"column":7}},"12":{"start":{"line":38,"column":4},"end":{"line":40,"column":7}},"13":{"start":{"line":42,"column":27},"end":{"line":42,"column":77}},"14":{"start":{"line":44,"column":6},"end":{"line":44,"column":66}},"15":{"start":{"line":45,"column":4},"end":{"line":45,"column":50}},"16":{"start":{"line":15,"column":13},"end":{"line":15,"column":24}},"17":{"start":{"line":49,"column":21},"end":{"line":87,"column":1}},"18":{"start":{"line":50,"column":30},"end":{"line":50,"column":38}},"19":{"start":{"line":51,"column":2},"end":{"line":86,"column":3}},"20":{"start":{"line":52,"column":27},"end":{"line":55,"column":null}},"21":{"start":{"line":57,"column":17},"end":{"line":57,"column":36}},"22":{"start":{"line":59,"column":20},"end":{"line":59,"column":53}},"23":{"start":{"line":60,"column":20},"end":{"line":60,"column":41}},"24":{"start":{"line":62,"column":4},"end":{"line":64,"column":5}},"25":{"start":{"line":63,"column":6},"end":{"line":63,"column":70}},"26":{"start":{"line":66,"column":4},"end":{"line":70,"column":5}},"27":{"start":{"line":67,"column":6},"end":{"line":69,"column":69}},"28":{"start":{"line":72,"column":21},"end":{"line":72,"column":35}},"29":{"start":{"line":74,"column":4},"end":{"line":80,"column":7}},"30":{"start":{"line":82,"column":27},"end":{"line":82,"column":77}},"31":{"start":{"line":84,"column":6},"end":{"line":84,"column":65}},"32":{"start":{"line":85,"column":4},"end":{"line":85,"column":50}},"33":{"start":{"line":49,"column":13},"end":{"line":49,"column":21}},"34":{"start":{"line":89,"column":22},"end":{"line":99,"column":1}},"35":{"start":{"line":90,"column":2},"end":{"line":98,"column":3}},"36":{"start":{"line":91,"column":4},"end":{"line":91,"column":24}},"37":{"start":{"line":92,"column":4},"end":{"line":92,"column":69}},"38":{"start":{"line":94,"column":27},"end":{"line":94,"column":77}},"39":{"start":{"line":96,"column":6},"end":{"line":96,"column":64}},"40":{"start":{"line":97,"column":4},"end":{"line":97,"column":50}},"41":{"start":{"line":89,"column":13},"end":{"line":89,"column":22}},"42":{"start":{"line":101,"column":31},"end":{"line":113,"column":1}},"43":{"start":{"line":102,"column":20},"end":{"line":102,"column":28}},"44":{"start":{"line":103,"column":2},"end":{"line":112,"column":3}},"45":{"start":{"line":104,"column":4},"end":{"line":104,"column":46}},"46":{"start":{"line":105,"column":4},"end":{"line":105,"column":72}},"47":{"start":{"line":107,"column":27},"end":{"line":107,"column":77}},"48":{"start":{"line":109,"column":6},"end":{"line":110,"column":49}},"49":{"start":{"line":111,"column":4},"end":{"line":111,"column":50}},"50":{"start":{"line":101,"column":13},"end":{"line":101,"column":31}}},"fnMap":{"0":{"name":"(anonymous_0)","decl":{"start":{"line":15,"column":24},"end":{"line":15,"column":29}},"loc":{"start":{"line":15,"column":77},"end":{"line":47,"column":1}}},"1":{"name":"(anonymous_1)","decl":{"start":{"line":49,"column":21},"end":{"line":49,"column":26}},"loc":{"start":{"line":49,"column":73},"end":{"line":87,"column":1}}},"2":{"name":"(anonymous_2)","decl":{"start":{"line":89,"column":22},"end":{"line":89,"column":27}},"loc":{"start":{"line":89,"column":60},"end":{"line":99,"column":1}}},"3":{"name":"(anonymous_3)","decl":{"start":{"line":101,"column":31},"end":{"line":101,"column":36}},"loc":{"start":{"line":101,"column":69},"end":{"line":113,"column":1}}}},"branchMap":{"0":{"loc":{"start":{"line":44,"column":6},"end":{"line":44,"column":66}},"type":"binary-expr","locations":[{"start":{"line":44,"column":6},"end":{"line":44,"column":36}},{"start":{"line":44,"column":40},"end":{"line":44,"column":66}}]},"1":{"loc":{"start":{"line":62,"column":4},"end":{"line":64,"column":5}},"type":"if","locations":[{"start":{"line":62,"column":4},"end":{"line":64,"column":5}}]},"2":{"loc":{"start":{"line":66,"column":4},"end":{"line":70,"column":5}},"type":"if","locations":[{"start":{"line":66,"column":4},"end":{"line":70,"column":5}}]},"3":{"loc":{"start":{"line":84,"column":6},"end":{"line":84,"column":65}},"type":"binary-expr","locations":[{"start":{"line":84,"column":6},"end":{"line":84,"column":36}},{"start":{"line":84,"column":40},"end":{"line":84,"column":65}}]},"4":{"loc":{"start":{"line":96,"column":6},"end":{"line":96,"column":64}},"type":"binary-expr","locations":[{"start":{"line":96,"column":6},"end":{"line":96,"column":36}},{"start":{"line":96,"column":40},"end":{"line":96,"column":64}}]},"5":{"loc":{"start":{"line":109,"column":6},"end":{"line":110,"column":49}},"type":"binary-expr","locations":[{"start":{"line":109,"column":6},"end":{"line":109,"column":36}},{"start":{"line":110,"column":6},"end":{"line":110,"column":49}}]}},"s":{"0":1,"1":1,"2":1,"3":1,"4":1,"5":2,"6":2,"7":2,"8":1,"9":1,"10":1,"11":1,"12":1,"13":1,"14":1,"15":1,"16":1,"17":1,"18":1,"19":1,"20":1,"21":1,"22":1,"23":1,"24":1,"25":0,"26":1,"27":0,"28":1,"29":1,"30":0,"31":0,"32":0,"33":1,"34":1,"35":2,"36":2,"37":1,"38":1,"39":1,"40":1,"41":1,"42":1,"43":0,"44":0,"45":0,"46":0,"47":0,"48":0,"49":0,"50":1},"f":{"0":2,"1":1,"2":2,"3":0},"b":{"0":[1,0],"1":[0],"2":[0],"3":[0,0],"4":[1,1],"5":[0,0]}}
}
