TN:
SF:src\controllers\authController.ts
FN:15,(anonymous_0)
FN:49,(anonymous_1)
FN:89,(anonymous_2)
FN:101,(anonymous_3)
FNF:4
FNH:3
FNDA:2,(anonymous_0)
FNDA:1,(anonymous_1)
FNDA:2,(anonymous_2)
FNDA:0,(anonymous_3)
DA:2,1
DA:10,1
DA:11,1
DA:13,1
DA:15,1
DA:16,2
DA:18,2
DA:19,2
DA:24,1
DA:26,1
DA:27,1
DA:29,1
DA:38,1
DA:42,1
DA:44,1
DA:45,1
DA:49,1
DA:50,1
DA:51,1
DA:52,1
DA:57,1
DA:59,1
DA:60,1
DA:62,1
DA:63,0
DA:66,1
DA:67,0
DA:72,1
DA:74,1
DA:82,0
DA:84,0
DA:85,0
DA:89,1
DA:90,2
DA:91,2
DA:92,1
DA:94,1
DA:96,1
DA:97,1
DA:101,1
DA:102,0
DA:103,0
DA:104,0
DA:105,0
DA:107,0
DA:109,0
DA:111,0
LF:47
LH:35
BRDA:44,0,0,1
BRDA:44,0,1,0
BRDA:62,1,0,0
BRDA:66,2,0,0
BRDA:84,3,0,0
BRDA:84,3,1,0
BRDA:96,4,0,1
BRDA:96,4,1,1
BRDA:109,5,0,0
BRDA:109,5,1,0
BRF:10
BRH:3
end_of_record
