<?xml version="1.0" encoding="UTF-8"?>
<coverage generated="1741152975809" clover="3.2.0">
  <project timestamp="1741152975809" name="All files">
    <metrics statements="24" coveredstatements="19" conditionals="2" coveredconditionals="1" methods="3" coveredmethods="3" elements="29" coveredelements="23" complexity="0" loc="24" ncloc="24" packages="1" files="1" classes="1"/>
    <file name="authServices.ts" path="C:\Users\Gamer\Desktop\Repositories\IT-project-1\src\services\authServices.ts">
      <metrics statements="24" coveredstatements="19" conditionals="2" coveredconditionals="1" methods="3" coveredmethods="3"/>
      <line num="1" count="1" type="stmt"/>
      <line num="2" count="1" type="stmt"/>
      <line num="9" count="1" type="stmt"/>
      <line num="12" count="1" type="stmt"/>
      <line num="16" count="1" type="stmt"/>
      <line num="18" count="1" type="stmt"/>
      <line num="23" count="1" type="stmt"/>
      <line num="25" count="1" type="cond" truecount="0" falsecount="1"/>
      <line num="26" count="0" type="stmt"/>
      <line num="29" count="1" type="stmt"/>
      <line num="36" count="0" type="stmt"/>
      <line num="37" count="0" type="stmt"/>
      <line num="41" count="1" type="stmt"/>
      <line num="47" count="1" type="stmt"/>
      <line num="49" count="1" type="stmt"/>
      <line num="54" count="1" type="stmt"/>
      <line num="56" count="2" type="stmt"/>
      <line num="60" count="2" type="stmt"/>
      <line num="62" count="2" type="stmt"/>
      <line num="64" count="1" type="stmt"/>
      <line num="71" count="0" type="stmt"/>
      <line num="72" count="0" type="stmt"/>
      <line num="77" count="1" type="stmt"/>
      <line num="78" count="2" type="cond" truecount="1" falsecount="0"/>
    </file>
  </project>
</coverage>
