{"C:\\Users\\Gamer\\Desktop\\Repositories\\IT-project-1\\src\\server\\controller\\authSlice.ts": {"path":"C:\\Users\\Gamer\\Desktop\\Repositories\\IT-project-1\\src\\server\\controller\\authSlice.ts","statementMap":{"0":{"start":{"line":1,"column":0},"end":{"line":1,"column":62}},"1":{"start":{"line":3,"column":0},"end":{"line":3,"column":null}},"2":{"start":{"line":9,"column":0},"end":{"line":9,"column":66}},"3":{"start":{"line":11,"column":32},"end":{"line":16,"column":2}},"4":{"start":{"line":18,"column":18},"end":{"line":80,"column":2}},"5":{"start":{"line":23,"column":6},"end":{"line":23,"column":34}},"6":{"start":{"line":24,"column":6},"end":{"line":24,"column":47}},"7":{"start":{"line":28,"column":4},"end":{"line":78,"column":9}},"8":{"start":{"line":31,"column":8},"end":{"line":31,"column":29}},"9":{"start":{"line":32,"column":8},"end":{"line":32,"column":27}},"10":{"start":{"line":35,"column":8},"end":{"line":35,"column":30}},"11":{"start":{"line":36,"column":8},"end":{"line":36,"column":36}},"12":{"start":{"line":37,"column":8},"end":{"line":37,"column":37}},"13":{"start":{"line":38,"column":8},"end":{"line":38,"column":27}},"14":{"start":{"line":41,"column":8},"end":{"line":41,"column":30}},"15":{"start":{"line":43,"column":10},"end":{"line":43,"column":66}},"16":{"start":{"line":45,"column":8},"end":{"line":46,"column":71}},"17":{"start":{"line":51,"column":8},"end":{"line":51,"column":29}},"18":{"start":{"line":52,"column":8},"end":{"line":52,"column":27}},"19":{"start":{"line":55,"column":8},"end":{"line":55,"column":30}},"20":{"start":{"line":56,"column":8},"end":{"line":56,"column":36}},"21":{"start":{"line":57,"column":8},"end":{"line":57,"column":37}},"22":{"start":{"line":58,"column":8},"end":{"line":58,"column":27}},"23":{"start":{"line":61,"column":8},"end":{"line":61,"column":30}},"24":{"start":{"line":63,"column":10},"end":{"line":63,"column":66}},"25":{"start":{"line":65,"column":8},"end":{"line":66,"column":71}},"26":{"start":{"line":71,"column":8},"end":{"line":71,"column":29}},"27":{"start":{"line":74,"column":8},"end":{"line":74,"column":30}},"28":{"start":{"line":75,"column":8},"end":{"line":75,"column":26}},"29":{"start":{"line":76,"column":8},"end":{"line":76,"column":38}},"30":{"start":{"line":77,"column":8},"end":{"line":77,"column":27}},"31":{"start":{"line":82,"column":15},"end":{"line":82,"column":45}},"32":{"start":{"line":83,"column":0},"end":{"line":83,"column":33}}},"fnMap":{"0":{"name":"(anonymous_0)","decl":{"start":{"line":22,"column":13},"end":{"line":22,"column":14}},"loc":{"start":{"line":22,"column":55},"end":{"line":25,"column":5}}},"1":{"name":"(anonymous_1)","decl":{"start":{"line":27,"column":17},"end":{"line":27,"column":18}},"loc":{"start":{"line":27,"column":25},"end":{"line":79,"column":3}}},"2":{"name":"(anonymous_2)","decl":{"start":{"line":30,"column":34},"end":{"line":30,"column":35}},"loc":{"start":{"line":30,"column":40},"end":{"line":33,"column":7}}},"3":{"name":"(anonymous_3)","decl":{"start":{"line":34,"column":36},"end":{"line":34,"column":37}},"loc":{"start":{"line":34,"column":71},"end":{"line":39,"column":7}}},"4":{"name":"(anonymous_4)","decl":{"start":{"line":40,"column":35},"end":{"line":40,"column":36}},"loc":{"start":{"line":40,"column":49},"end":{"line":47,"column":7}}},"5":{"name":"(anonymous_5)","decl":{"start":{"line":50,"column":37},"end":{"line":50,"column":38}},"loc":{"start":{"line":50,"column":43},"end":{"line":53,"column":7}}},"6":{"name":"(anonymous_6)","decl":{"start":{"line":54,"column":39},"end":{"line":54,"column":40}},"loc":{"start":{"line":54,"column":74},"end":{"line":59,"column":7}}},"7":{"name":"(anonymous_7)","decl":{"start":{"line":60,"column":38},"end":{"line":60,"column":39}},"loc":{"start":{"line":60,"column":52},"end":{"line":67,"column":7}}},"8":{"name":"(anonymous_8)","decl":{"start":{"line":70,"column":35},"end":{"line":70,"column":36}},"loc":{"start":{"line":70,"column":41},"end":{"line":72,"column":7}}},"9":{"name":"(anonymous_9)","decl":{"start":{"line":73,"column":37},"end":{"line":73,"column":38}},"loc":{"start":{"line":73,"column":43},"end":{"line":78,"column":7}}}},"branchMap":{"0":{"loc":{"start":{"line":46,"column":10},"end":{"line":46,"column":70}},"type":"binary-expr","locations":[{"start":{"line":46,"column":10},"end":{"line":46,"column":46}},{"start":{"line":46,"column":50},"end":{"line":46,"column":70}}]},"1":{"loc":{"start":{"line":66,"column":10},"end":{"line":66,"column":70}},"type":"binary-expr","locations":[{"start":{"line":66,"column":10},"end":{"line":66,"column":46}},{"start":{"line":66,"column":50},"end":{"line":66,"column":70}}]}},"s":{"0":0,"1":0,"2":0,"3":0,"4":0,"5":0,"6":0,"7":0,"8":0,"9":0,"10":0,"11":0,"12":0,"13":0,"14":0,"15":0,"16":0,"17":0,"18":0,"19":0,"20":0,"21":0,"22":0,"23":0,"24":0,"25":0,"26":0,"27":0,"28":0,"29":0,"30":0,"31":0,"32":0},"f":{"0":0,"1":0,"2":0,"3":0,"4":0,"5":0,"6":0,"7":0,"8":0,"9":0},"b":{"0":[0,0],"1":[0,0]}}
,"C:\\Users\\Gamer\\Desktop\\Repositories\\IT-project-1\\src\\server\\services\\authServices.ts": {"path":"C:\\Users\\Gamer\\Desktop\\Repositories\\IT-project-1\\src\\server\\services\\authServices.ts","statementMap":{"0":{"start":{"line":1,"column":0},"end":{"line":1,"column":52}},"1":{"start":{"line":2,"column":0},"end":{"line":2,"column":null}},"2":{"start":{"line":9,"column":0},"end":{"line":9,"column":48}},"3":{"start":{"line":12,"column":13},"end":{"line":39,"column":3}},"4":{"start":{"line":16,"column":16},"end":{"line":39,"column":2}},"5":{"start":{"line":16,"column":30},"end":{"line":16,"column":32}},"6":{"start":{"line":16,"column":40},"end":{"line":16,"column":42}},"7":{"start":{"line":16,"column":61},"end":{"line":16,"column":63}},"8":{"start":{"line":18,"column":27},"end":{"line":22,"column":null}},"9":{"start":{"line":18,"column":10},"end":{"line":22,"column":null}},"10":{"start":{"line":23,"column":10},"end":{"line":23,"column":37}},"11":{"start":{"line":25,"column":4},"end":{"line":27,"column":5}},"12":{"start":{"line":26,"column":6},"end":{"line":26,"column":71}},"13":{"start":{"line":29,"column":4},"end":{"line":34,"column":6}},"14":{"start":{"line":36,"column":10},"end":{"line":36,"column":69}},"15":{"start":{"line":37,"column":4},"end":{"line":37,"column":47}},"16":{"start":{"line":41,"column":13},"end":{"line":75,"column":2}},"17":{"start":{"line":47,"column":2},"end":{"line":74,"column":null}},"18":{"start":{"line":47,"column":16},"end":{"line":47,"column":18}},"19":{"start":{"line":47,"column":26},"end":{"line":47,"column":28}},"20":{"start":{"line":47,"column":36},"end":{"line":47,"column":38}},"21":{"start":{"line":47,"column":57},"end":{"line":47,"column":59}},"22":{"start":{"line":49,"column":29},"end":{"line":53,"column":null}},"23":{"start":{"line":49,"column":12},"end":{"line":53,"column":null}},"24":{"start":{"line":54,"column":12},"end":{"line":54,"column":39}},"25":{"start":{"line":56,"column":6},"end":{"line":58,"column":9}},"26":{"start":{"line":60,"column":6},"end":{"line":60,"column":40}},"27":{"start":{"line":62,"column":6},"end":{"line":62,"column":26}},"28":{"start":{"line":64,"column":6},"end":{"line":69,"column":8}},"29":{"start":{"line":71,"column":12},"end":{"line":71,"column":71}},"30":{"start":{"line":72,"column":6},"end":{"line":72,"column":49}},"31":{"start":{"line":77,"column":13},"end":{"line":79,"column":3}},"32":{"start":{"line":77,"column":58},"end":{"line":79,"column":2}},"33":{"start":{"line":78,"column":2},"end":{"line":78,"column":22}}},"fnMap":{"0":{"name":"(anonymous_13)","decl":{"start":{"line":16,"column":16},"end":{"line":16,"column":23}},"loc":{"start":{"line":16,"column":16},"end":{"line":39,"column":2}}},"1":{"name":"(anonymous_16)","decl":{"start":{"line":47,"column":2},"end":{"line":47,"column":9}},"loc":{"start":{"line":47,"column":2},"end":{"line":74,"column":null}}},"2":{"name":"(anonymous_19)","decl":{"start":{"line":77,"column":58},"end":{"line":77,"column":null}},"loc":{"start":{"line":77,"column":58},"end":{"line":79,"column":2}}}},"branchMap":{"0":{"loc":{"start":{"line":25,"column":4},"end":{"line":27,"column":5}},"type":"if","locations":[{"start":{"line":25,"column":4},"end":{"line":27,"column":5}}]},"1":{"loc":{"start":{"line":78,"column":2},"end":{"line":78,"column":22}},"type":"switch","locations":[{"start":{"line":78,"column":2},"end":{"line":78,"column":22}}]}},"s":{"0":1,"1":1,"2":1,"3":1,"4":1,"5":1,"6":1,"7":1,"8":1,"9":1,"10":1,"11":1,"12":0,"13":1,"14":0,"15":0,"16":1,"17":1,"18":1,"19":1,"20":1,"21":1,"22":1,"23":1,"24":1,"25":2,"26":2,"27":2,"28":1,"29":0,"30":0,"31":1,"32":1,"33":2},"f":{"0":2,"1":2,"2":2},"b":{"0":[0],"1":[1]}}
}
