{"C:\\Users\\Gamer\\Desktop\\Repositories\\IT-project-1\\src\\services\\authServices.ts": {"path":"C:\\Users\\Gamer\\Desktop\\Repositories\\IT-project-1\\src\\services\\authServices.ts","statementMap":{"0":{"start":{"line":1,"column":0},"end":{"line":1,"column":52}},"1":{"start":{"line":2,"column":0},"end":{"line":2,"column":null}},"2":{"start":{"line":9,"column":0},"end":{"line":9,"column":48}},"3":{"start":{"line":12,"column":13},"end":{"line":39,"column":3}},"4":{"start":{"line":16,"column":16},"end":{"line":39,"column":2}},"5":{"start":{"line":16,"column":30},"end":{"line":16,"column":32}},"6":{"start":{"line":16,"column":40},"end":{"line":16,"column":42}},"7":{"start":{"line":16,"column":61},"end":{"line":16,"column":63}},"8":{"start":{"line":18,"column":27},"end":{"line":22,"column":null}},"9":{"start":{"line":18,"column":10},"end":{"line":22,"column":null}},"10":{"start":{"line":23,"column":10},"end":{"line":23,"column":37}},"11":{"start":{"line":25,"column":4},"end":{"line":27,"column":5}},"12":{"start":{"line":26,"column":6},"end":{"line":26,"column":71}},"13":{"start":{"line":29,"column":4},"end":{"line":34,"column":6}},"14":{"start":{"line":36,"column":10},"end":{"line":36,"column":69}},"15":{"start":{"line":37,"column":4},"end":{"line":37,"column":47}},"16":{"start":{"line":41,"column":13},"end":{"line":75,"column":2}},"17":{"start":{"line":47,"column":2},"end":{"line":74,"column":null}},"18":{"start":{"line":47,"column":16},"end":{"line":47,"column":18}},"19":{"start":{"line":47,"column":26},"end":{"line":47,"column":28}},"20":{"start":{"line":47,"column":36},"end":{"line":47,"column":38}},"21":{"start":{"line":47,"column":57},"end":{"line":47,"column":59}},"22":{"start":{"line":49,"column":29},"end":{"line":53,"column":null}},"23":{"start":{"line":49,"column":12},"end":{"line":53,"column":null}},"24":{"start":{"line":54,"column":12},"end":{"line":54,"column":39}},"25":{"start":{"line":56,"column":6},"end":{"line":58,"column":9}},"26":{"start":{"line":60,"column":6},"end":{"line":60,"column":40}},"27":{"start":{"line":62,"column":6},"end":{"line":62,"column":26}},"28":{"start":{"line":64,"column":6},"end":{"line":69,"column":8}},"29":{"start":{"line":71,"column":12},"end":{"line":71,"column":71}},"30":{"start":{"line":72,"column":6},"end":{"line":72,"column":49}},"31":{"start":{"line":77,"column":13},"end":{"line":79,"column":3}},"32":{"start":{"line":77,"column":58},"end":{"line":79,"column":2}},"33":{"start":{"line":78,"column":2},"end":{"line":78,"column":22}}},"fnMap":{"0":{"name":"(anonymous_13)","decl":{"start":{"line":16,"column":16},"end":{"line":16,"column":23}},"loc":{"start":{"line":16,"column":16},"end":{"line":39,"column":2}}},"1":{"name":"(anonymous_16)","decl":{"start":{"line":47,"column":2},"end":{"line":47,"column":9}},"loc":{"start":{"line":47,"column":2},"end":{"line":74,"column":null}}},"2":{"name":"(anonymous_19)","decl":{"start":{"line":77,"column":58},"end":{"line":77,"column":null}},"loc":{"start":{"line":77,"column":58},"end":{"line":79,"column":2}}}},"branchMap":{"0":{"loc":{"start":{"line":25,"column":4},"end":{"line":27,"column":5}},"type":"if","locations":[{"start":{"line":25,"column":4},"end":{"line":27,"column":5}}]},"1":{"loc":{"start":{"line":78,"column":2},"end":{"line":78,"column":22}},"type":"switch","locations":[{"start":{"line":78,"column":2},"end":{"line":78,"column":22}}]}},"s":{"0":1,"1":1,"2":1,"3":1,"4":1,"5":1,"6":1,"7":1,"8":1,"9":1,"10":1,"11":1,"12":0,"13":1,"14":0,"15":0,"16":1,"17":1,"18":1,"19":1,"20":1,"21":1,"22":1,"23":1,"24":1,"25":2,"26":2,"27":2,"28":1,"29":0,"30":0,"31":1,"32":1,"33":2},"f":{"0":2,"1":2,"2":2},"b":{"0":[0],"1":[1]}}
}
