TN:
SF:src\server\controller\authSlice.ts
FN:22,(anonymous_0)
FN:27,(anonymous_1)
FN:30,(anonymous_2)
FN:34,(anonymous_3)
FN:40,(anonymous_4)
FN:50,(anonymous_5)
FN:54,(anonymous_6)
FN:60,(anonymous_7)
FN:70,(anonymous_8)
FN:73,(anonymous_9)
FNF:10
FNH:0
FNDA:0,(anonymous_0)
FNDA:0,(anonymous_1)
FNDA:0,(anonymous_2)
FNDA:0,(anonymous_3)
FNDA:0,(anonymous_4)
FNDA:0,(anonymous_5)
FNDA:0,(anonymous_6)
FNDA:0,(anonymous_7)
FNDA:0,(anonymous_8)
FNDA:0,(anonymous_9)
DA:1,0
DA:3,0
DA:9,0
DA:11,0
DA:18,0
DA:23,0
DA:24,0
DA:28,0
DA:31,0
DA:32,0
DA:35,0
DA:36,0
DA:37,0
DA:38,0
DA:41,0
DA:43,0
DA:45,0
DA:51,0
DA:52,0
DA:55,0
DA:56,0
DA:57,0
DA:58,0
DA:61,0
DA:63,0
DA:65,0
DA:71,0
DA:74,0
DA:75,0
DA:76,0
DA:77,0
DA:82,0
DA:83,0
LF:33
LH:0
BRDA:46,0,0,0
BRDA:46,0,1,0
BRDA:66,1,0,0
BRDA:66,1,1,0
BRF:4
BRH:0
end_of_record
TN:
SF:src\server\services\authServices.ts
FN:16,(anonymous_13)
FN:47,(anonymous_16)
FN:77,(anonymous_19)
FNF:3
FNH:3
FNDA:2,(anonymous_13)
FNDA:2,(anonymous_16)
FNDA:2,(anonymous_19)
DA:1,1
DA:2,1
DA:9,1
DA:12,1
DA:16,1
DA:18,1
DA:23,1
DA:25,1
DA:26,0
DA:29,1
DA:36,0
DA:37,0
DA:41,1
DA:47,1
DA:49,1
DA:54,1
DA:56,2
DA:60,2
DA:62,2
DA:64,1
DA:71,0
DA:72,0
DA:77,1
DA:78,2
LF:24
LH:19
BRDA:25,0,0,0
BRDA:78,1,0,1
BRF:2
BRH:1
end_of_record
