{"C:\\Users\\Gamer\\Desktop\\Repositories\\IT-project-1\\services\\regulation-service\\src\\controllers\\regulationController.ts": {"path":"C:\\Users\\Gamer\\Desktop\\Repositories\\IT-project-1\\services\\regulation-service\\src\\controllers\\regulationController.ts","statementMap":{"0":{"start":{"line":2,"column":0},"end":{"line":2,"column":null}},"1":{"start":{"line":11,"column":0},"end":{"line":11,"column":55}},"2":{"start":{"line":12,"column":0},"end":{"line":12,"column":56}},"3":{"start":{"line":15,"column":29},"end":{"line":37,"column":1}},"4":{"start":{"line":16,"column":41},"end":{"line":16,"column":49}},"5":{"start":{"line":17,"column":2},"end":{"line":36,"column":3}},"6":{"start":{"line":18,"column":27},"end":{"line":18,"column":63}},"7":{"start":{"line":20,"column":4},"end":{"line":26,"column":7}},"8":{"start":{"line":28,"column":4},"end":{"line":30,"column":7}},"9":{"start":{"line":32,"column":27},"end":{"line":32,"column":77}},"10":{"start":{"line":34,"column":6},"end":{"line":34,"column":71}},"11":{"start":{"line":35,"column":4},"end":{"line":35,"column":50}},"12":{"start":{"line":15,"column":13},"end":{"line":15,"column":29}},"13":{"start":{"line":40,"column":30},"end":{"line":61,"column":1}},"14":{"start":{"line":41,"column":2},"end":{"line":60,"column":3}},"15":{"start":{"line":42,"column":27},"end":{"line":42,"column":63}},"16":{"start":{"line":43,"column":32},"end":{"line":43,"column":61}},"17":{"start":{"line":45,"column":4},"end":{"line":47,"column":5}},"18":{"start":{"line":46,"column":6},"end":{"line":46,"column":68}},"19":{"start":{"line":49,"column":24},"end":{"line":52,"column":7}},"20":{"start":{"line":49,"column":63},"end":{"line":52,"column":6}},"21":{"start":{"line":54,"column":4},"end":{"line":54,"column":38}},"22":{"start":{"line":56,"column":27},"end":{"line":56,"column":77}},"23":{"start":{"line":58,"column":6},"end":{"line":58,"column":73}},"24":{"start":{"line":59,"column":4},"end":{"line":59,"column":50}},"25":{"start":{"line":40,"column":13},"end":{"line":40,"column":30}},"26":{"start":{"line":64,"column":30},"end":{"line":86,"column":1}},"27":{"start":{"line":65,"column":17},"end":{"line":65,"column":27}},"28":{"start":{"line":66,"column":2},"end":{"line":85,"column":3}},"29":{"start":{"line":67,"column":26},"end":{"line":67,"column":59}},"30":{"start":{"line":68,"column":31},"end":{"line":68,"column":58}},"31":{"start":{"line":70,"column":4},"end":{"line":72,"column":5}},"32":{"start":{"line":71,"column":6},"end":{"line":71,"column":75}},"33":{"start":{"line":74,"column":23},"end":{"line":77,"column":6}},"34":{"start":{"line":79,"column":4},"end":{"line":79,"column":37}},"35":{"start":{"line":81,"column":27},"end":{"line":81,"column":77}},"36":{"start":{"line":83,"column":6},"end":{"line":83,"column":71}},"37":{"start":{"line":84,"column":4},"end":{"line":84,"column":50}},"38":{"start":{"line":64,"column":13},"end":{"line":64,"column":30}},"39":{"start":{"line":89,"column":32},"end":{"line":121,"column":1}},"40":{"start":{"line":90,"column":17},"end":{"line":90,"column":27}},"41":{"start":{"line":91,"column":41},"end":{"line":91,"column":49}},"42":{"start":{"line":93,"column":2},"end":{"line":97,"column":3}},"43":{"start":{"line":94,"column":4},"end":{"line":96,"column":7}},"44":{"start":{"line":99,"column":2},"end":{"line":120,"column":3}},"45":{"start":{"line":100,"column":26},"end":{"line":100,"column":59}},"46":{"start":{"line":101,"column":31},"end":{"line":101,"column":58}},"47":{"start":{"line":103,"column":4},"end":{"line":105,"column":5}},"48":{"start":{"line":104,"column":6},"end":{"line":104,"column":75}},"49":{"start":{"line":107,"column":4},"end":{"line":112,"column":7}},"50":{"start":{"line":114,"column":4},"end":{"line":114,"column":77}},"51":{"start":{"line":116,"column":27},"end":{"line":116,"column":77}},"52":{"start":{"line":118,"column":6},"end":{"line":118,"column":74}},"53":{"start":{"line":119,"column":4},"end":{"line":119,"column":50}},"54":{"start":{"line":89,"column":13},"end":{"line":89,"column":32}},"55":{"start":{"line":124,"column":32},"end":{"line":142,"column":1}},"56":{"start":{"line":125,"column":17},"end":{"line":125,"column":27}},"57":{"start":{"line":126,"column":2},"end":{"line":141,"column":3}},"58":{"start":{"line":127,"column":26},"end":{"line":127,"column":59}},"59":{"start":{"line":128,"column":31},"end":{"line":128,"column":58}},"60":{"start":{"line":130,"column":4},"end":{"line":132,"column":5}},"61":{"start":{"line":131,"column":6},"end":{"line":131,"column":75}},"62":{"start":{"line":134,"column":4},"end":{"line":134,"column":35}},"63":{"start":{"line":135,"column":4},"end":{"line":135,"column":75}},"64":{"start":{"line":137,"column":27},"end":{"line":137,"column":77}},"65":{"start":{"line":139,"column":6},"end":{"line":139,"column":72}},"66":{"start":{"line":140,"column":4},"end":{"line":140,"column":50}},"67":{"start":{"line":124,"column":13},"end":{"line":124,"column":32}}},"fnMap":{"0":{"name":"(anonymous_0)","decl":{"start":{"line":15,"column":29},"end":{"line":15,"column":34}},"loc":{"start":{"line":15,"column":67},"end":{"line":37,"column":1}}},"1":{"name":"(anonymous_1)","decl":{"start":{"line":40,"column":30},"end":{"line":40,"column":35}},"loc":{"start":{"line":40,"column":68},"end":{"line":61,"column":1}}},"2":{"name":"(anonymous_2)","decl":{"start":{"line":49,"column":53},"end":{"line":49,"column":54}},"loc":{"start":{"line":49,"column":63},"end":{"line":52,"column":6}}},"3":{"name":"(anonymous_3)","decl":{"start":{"line":64,"column":30},"end":{"line":64,"column":35}},"loc":{"start":{"line":64,"column":82},"end":{"line":86,"column":1}}},"4":{"name":"(anonymous_4)","decl":{"start":{"line":89,"column":32},"end":{"line":89,"column":37}},"loc":{"start":{"line":89,"column":84},"end":{"line":121,"column":1}}},"5":{"name":"(anonymous_5)","decl":{"start":{"line":124,"column":32},"end":{"line":124,"column":37}},"loc":{"start":{"line":124,"column":84},"end":{"line":142,"column":1}}}},"branchMap":{"0":{"loc":{"start":{"line":34,"column":6},"end":{"line":34,"column":71}},"type":"binary-expr","locations":[{"start":{"line":34,"column":6},"end":{"line":34,"column":36}},{"start":{"line":34,"column":40},"end":{"line":34,"column":71}}]},"1":{"loc":{"start":{"line":45,"column":4},"end":{"line":47,"column":5}},"type":"if","locations":[{"start":{"line":45,"column":4},"end":{"line":47,"column":5}}]},"2":{"loc":{"start":{"line":58,"column":6},"end":{"line":58,"column":73}},"type":"binary-expr","locations":[{"start":{"line":58,"column":6},"end":{"line":58,"column":36}},{"start":{"line":58,"column":40},"end":{"line":58,"column":73}}]},"3":{"loc":{"start":{"line":70,"column":4},"end":{"line":72,"column":5}},"type":"if","locations":[{"start":{"line":70,"column":4},"end":{"line":72,"column":5}}]},"4":{"loc":{"start":{"line":83,"column":6},"end":{"line":83,"column":71}},"type":"binary-expr","locations":[{"start":{"line":83,"column":6},"end":{"line":83,"column":36}},{"start":{"line":83,"column":40},"end":{"line":83,"column":71}}]},"5":{"loc":{"start":{"line":93,"column":2},"end":{"line":97,"column":3}},"type":"if","locations":[{"start":{"line":93,"column":2},"end":{"line":97,"column":3}}]},"6":{"loc":{"start":{"line":93,"column":6},"end":{"line":93,"column":39}},"type":"binary-expr","locations":[{"start":{"line":93,"column":6},"end":{"line":93,"column":11}},{"start":{"line":93,"column":15},"end":{"line":93,"column":27}},{"start":{"line":93,"column":31},"end":{"line":93,"column":39}}]},"7":{"loc":{"start":{"line":103,"column":4},"end":{"line":105,"column":5}},"type":"if","locations":[{"start":{"line":103,"column":4},"end":{"line":105,"column":5}}]},"8":{"loc":{"start":{"line":118,"column":6},"end":{"line":118,"column":74}},"type":"binary-expr","locations":[{"start":{"line":118,"column":6},"end":{"line":118,"column":36}},{"start":{"line":118,"column":40},"end":{"line":118,"column":74}}]},"9":{"loc":{"start":{"line":130,"column":4},"end":{"line":132,"column":5}},"type":"if","locations":[{"start":{"line":130,"column":4},"end":{"line":132,"column":5}}]},"10":{"loc":{"start":{"line":139,"column":6},"end":{"line":139,"column":72}},"type":"binary-expr","locations":[{"start":{"line":139,"column":6},"end":{"line":139,"column":36}},{"start":{"line":139,"column":40},"end":{"line":139,"column":72}}]}},"s":{"0":1,"1":1,"2":1,"3":1,"4":2,"5":2,"6":2,"7":2,"8":1,"9":1,"10":1,"11":1,"12":1,"13":1,"14":2,"15":2,"16":2,"17":2,"18":1,"19":1,"20":2,"21":1,"22":1,"23":1,"24":1,"25":1,"26":1,"27":2,"28":2,"29":2,"30":2,"31":2,"32":1,"33":1,"34":1,"35":0,"36":0,"37":0,"38":1,"39":1,"40":2,"41":2,"42":2,"43":0,"44":2,"45":2,"46":2,"47":2,"48":1,"49":1,"50":1,"51":0,"52":0,"53":0,"54":1,"55":1,"56":2,"57":2,"58":2,"59":2,"60":2,"61":1,"62":1,"63":1,"64":0,"65":0,"66":0,"67":1},"f":{"0":2,"1":2,"2":2,"3":2,"4":2,"5":2},"b":{"0":[1,1],"1":[1],"2":[1,1],"3":[1],"4":[0,0],"5":[0],"6":[2,2,2],"7":[1],"8":[0,0],"9":[1],"10":[0,0]}}
}
