TN:
SF:src\controllers\regulationController.ts
FN:15,(anonymous_0)
FN:40,(anonymous_1)
FN:49,(anonymous_2)
FN:64,(anonymous_3)
FN:89,(anonymous_4)
FN:118,(anonymous_5)
FNF:6
FNH:6
FNDA:2,(anonymous_0)
FNDA:2,(anonymous_1)
FNDA:2,(anonymous_2)
FNDA:2,(anonymous_3)
FNDA:2,(anonymous_4)
FNDA:2,(anonymous_5)
DA:2,1
DA:11,1
DA:12,1
DA:15,1
DA:16,2
DA:17,2
DA:18,2
DA:20,2
DA:28,1
DA:32,1
DA:34,1
DA:35,1
DA:40,1
DA:41,2
DA:42,2
DA:43,2
DA:45,2
DA:46,1
DA:49,2
DA:54,1
DA:56,1
DA:58,1
DA:59,1
DA:64,1
DA:65,2
DA:66,2
DA:67,2
DA:68,2
DA:70,2
DA:71,1
DA:74,1
DA:79,1
DA:81,0
DA:83,0
DA:84,0
DA:89,1
DA:90,2
DA:91,2
DA:93,2
DA:94,2
DA:95,2
DA:97,2
DA:98,1
DA:101,1
DA:108,1
DA:110,0
DA:112,0
DA:113,0
DA:118,1
DA:119,2
DA:120,2
DA:121,2
DA:122,2
DA:124,2
DA:125,1
DA:128,1
DA:129,1
DA:131,0
DA:133,0
DA:134,0
LF:60
LH:51
BRDA:34,0,0,1
BRDA:34,0,1,1
BRDA:45,1,0,1
BRDA:58,2,0,1
BRDA:58,2,1,1
BRDA:70,3,0,1
BRDA:83,4,0,0
BRDA:83,4,1,0
BRDA:97,5,0,1
BRDA:112,6,0,0
BRDA:112,6,1,0
BRDA:124,7,0,1
BRDA:133,8,0,0
BRDA:133,8,1,0
BRF:14
BRH:8
end_of_record
