TN:
SF:src\controllers\regulationController.ts
FN:15,(anonymous_0)
FN:40,(anonymous_1)
FN:49,(anonymous_2)
FN:64,(anonymous_3)
FN:89,(anonymous_4)
FN:124,(anonymous_5)
FNF:6
FNH:6
FNDA:2,(anonymous_0)
FNDA:2,(anonymous_1)
FNDA:2,(anonymous_2)
FNDA:2,(anonymous_3)
FNDA:2,(anonymous_4)
FNDA:2,(anonymous_5)
DA:2,1
DA:11,1
DA:12,1
DA:15,1
DA:16,2
DA:17,2
DA:18,2
DA:20,2
DA:28,1
DA:32,1
DA:34,1
DA:35,1
DA:40,1
DA:41,2
DA:42,2
DA:43,2
DA:45,2
DA:46,1
DA:49,2
DA:54,1
DA:56,1
DA:58,1
DA:59,1
DA:64,1
DA:65,2
DA:66,2
DA:67,2
DA:68,2
DA:70,2
DA:71,1
DA:74,1
DA:79,1
DA:81,0
DA:83,0
DA:84,0
DA:89,1
DA:90,2
DA:91,2
DA:93,2
DA:94,0
DA:99,2
DA:100,2
DA:101,2
DA:103,2
DA:104,1
DA:107,1
DA:114,1
DA:116,0
DA:118,0
DA:119,0
DA:124,1
DA:125,2
DA:126,2
DA:127,2
DA:128,2
DA:130,2
DA:131,1
DA:134,1
DA:135,1
DA:137,0
DA:139,0
DA:140,0
LF:62
LH:52
BRDA:34,0,0,1
BRDA:34,0,1,1
BRDA:45,1,0,1
BRDA:58,2,0,1
BRDA:58,2,1,1
BRDA:70,3,0,1
BRDA:83,4,0,0
BRDA:83,4,1,0
BRDA:93,5,0,0
BRDA:93,6,0,2
BRDA:93,6,1,2
BRDA:93,6,2,2
BRDA:103,7,0,1
BRDA:118,8,0,0
BRDA:118,8,1,0
BRDA:130,9,0,1
BRDA:139,10,0,0
BRDA:139,10,1,0
BRF:18
BRH:11
end_of_record
